[0.013s] Invoking command in '/home/yang/Desktop/ros-pr0/build/my_first_pkg': CMAKE_PREFIX_PATH=${CMAKE_PREFIX_PATH}:/opt/ros/humble /usr/bin/cmake /home/yang/Desktop/ros-pr0/my_first_pkg -DCMAKE_INSTALL_PREFIX=/home/yang/Desktop/ros-pr0/install/my_first_pkg
[0.026s] -- Found ament_cmake: 1.3.13 (/opt/ros/humble/share/ament_cmake/cmake)
[0.185s] -- Found rclcpp: 16.0.18 (/opt/ros/humble/share/rclcpp/cmake)
[0.217s] -- Found rosidl_generator_c: 3.1.8 (/opt/ros/humble/share/rosidl_generator_c/cmake)
[0.220s] -- Found rosidl_adapter: 3.1.8 (/opt/ros/humble/share/rosidl_adapter/cmake)
[0.226s] -- Found rosidl_generator_cpp: 3.1.8 (/opt/ros/humble/share/rosidl_generator_cpp/cmake)
[0.239s] -- Using all available rosidl_typesupport_c: rosidl_typesupport_fastrtps_c;rosidl_typesupport_introspection_c
[0.255s] -- Using all available rosidl_typesupport_cpp: rosidl_typesupport_fastrtps_cpp;rosidl_typesupport_introspection_cpp
[0.292s] -- Found rmw_implementation_cmake: 6.1.2 (/opt/ros/humble/share/rmw_implementation_cmake/cmake)
[0.293s] -- Found rmw_fastrtps_cpp: 6.2.10 (/opt/ros/humble/share/rmw_fastrtps_cpp/cmake)
[0.404s] -- Using RMW implementation 'rmw_fastrtps_cpp' as default
[0.467s] -- Found geometry_msgs: 4.9.1 (/opt/ros/humble/share/geometry_msgs/cmake)
[0.483s] -- Found visualization_msgs: 4.9.1 (/opt/ros/humble/share/visualization_msgs/cmake)
[0.541s] [31mCMake Error at CMakeLists.txt:15 (find_package):
[0.541s]   By not providing "Findsensor_msg.cmake" in CMAKE_MODULE_PATH this project
[0.541s]   has asked CMake to find a package configuration file provided by
[0.541s]   "sensor_msg", but CMake did not find one.
[0.542s] 
[0.542s]   Could not find a package configuration file provided by "sensor_msg" with
[0.542s]   any of the following names:
[0.542s] 
[0.542s]     sensor_msgConfig.cmake
[0.542s]     sensor_msg-config.cmake
[0.542s] 
[0.542s]   Add the installation prefix of "sensor_msg" to CMAKE_PREFIX_PATH or set
[0.542s]   "sensor_msg_DIR" to a directory containing one of the above files.  If
[0.543s]   "sensor_msg" provides a separate development package or SDK, be sure it has
[0.543s]   been installed.
[0.543s] 
[0.543s] [0m
[0.543s] -- Configuring incomplete, errors occurred!
[0.543s] See also "/home/yang/Desktop/ros-pr0/build/my_first_pkg/CMakeFiles/CMakeOutput.log".
[0.550s] Invoked command in '/home/yang/Desktop/ros-pr0/build/my_first_pkg' returned '1': CMAKE_PREFIX_PATH=${CMAKE_PREFIX_PATH}:/opt/ros/humble /usr/bin/cmake /home/yang/Desktop/ros-pr0/my_first_pkg -DCMAKE_INSTALL_PREFIX=/home/yang/Desktop/ros-pr0/install/my_first_pkg
