[0.011s] Invoking command in '/home/yang/Desktop/proj/ros0/build/my_first_pkg': CMAKE_PREFIX_PATH=${CMAKE_PREFIX_PATH}:/home/yang/turtlebot3_ws/install/nav2_simple_commander:/opt/ros/humble /usr/bin/cmake --build /home/yang/Desktop/proj/ros0/build/my_first_pkg -- -j12 -l12
[0.021s] -- Found ament_cmake: 1.3.13 (/opt/ros/humble/share/ament_cmake/cmake)
[0.082s] -- Found rclcpp: 16.0.18 (/opt/ros/humble/share/rclcpp/cmake)
[0.093s] -- Found rosidl_generator_c: 3.1.8 (/opt/ros/humble/share/rosidl_generator_c/cmake)
[0.094s] -- Found rosidl_adapter: 3.1.8 (/opt/ros/humble/share/rosidl_adapter/cmake)
[0.096s] -- Found rosidl_generator_cpp: 3.1.8 (/opt/ros/humble/share/rosidl_generator_cpp/cmake)
[0.100s] -- Using all available rosidl_typesupport_c: rosidl_typesupport_fastrtps_c;rosidl_typesupport_introspection_c
[0.104s] -- Using all available rosidl_typesupport_cpp: rosidl_typesupport_fastrtps_cpp;rosidl_typesupport_introspection_cpp
[0.116s] -- Found rmw_implementation_cmake: 6.1.2 (/opt/ros/humble/share/rmw_implementation_cmake/cmake)
[0.116s] -- Found rmw_fastrtps_cpp: 6.2.10 (/opt/ros/humble/share/rmw_fastrtps_cpp/cmake)
[0.160s] -- Using RMW implementation 'rmw_fastrtps_cpp' as default
[0.179s] -- Found ament_lint_auto: 0.12.15 (/opt/ros/humble/share/ament_lint_auto/cmake)
[0.207s] -- Found example_interfaces: 0.9.3 (/opt/ros/humble/share/example_interfaces/cmake)
[0.222s] -- Found my_interfaces: 0.0.0 (/home/yang/Desktop/proj/ros0/install/my_interfaces/share/my_interfaces/cmake)
[0.230s] -- Added test 'cppcheck' to perform static code analysis on C / C++ code
[0.230s] -- Configured cppcheck include dirs: 
[0.230s] -- Configured cppcheck exclude dirs and/or files: 
[0.230s] -- Added test 'flake8' to check Python code syntax and style conventions
[0.230s] -- Added test 'lint_cmake' to check CMake code style
[0.230s] -- Added test 'pep257' to check Python code against some of the docstring style conventions in PEP 257
[0.231s] -- Added test 'uncrustify' to check C / C++ code style
[0.231s] -- Configured uncrustify additional arguments: 
[0.231s] -- Added test 'xmllint' to check XML markup files
[0.231s] -- Configuring done
[0.241s] -- Generating done
[0.244s] -- Build files have been written to: /home/yang/Desktop/proj/ros0/build/my_first_pkg
[0.257s] [35m[1mConsolidate compiler generated dependencies of target listener[0m
[0.257s] [35m[1mConsolidate compiler generated dependencies of target add_server[0m
[0.257s] [35m[1mConsolidate compiler generated dependencies of target talker[0m
[0.258s] [35m[1mConsolidate compiler generated dependencies of target add_client[0m
[0.260s] [ 10%] [32mBuilding CXX object CMakeFiles/sensor_pub.dir/src/sensor_pub.cpp.o[0m
[0.263s] [ 40%] Built target add_server
[0.263s] [ 50%] Built target listener
[0.264s] [ 70%] Built target talker
[0.264s] [ 90%] Built target add_client
[1.967s] [100%] [32m[1mLinking CXX executable sensor_pub[0m
[2.049s] [100%] Built target sensor_pub
[2.054s] Invoked command in '/home/yang/Desktop/proj/ros0/build/my_first_pkg' returned '0': CMAKE_PREFIX_PATH=${CMAKE_PREFIX_PATH}:/home/yang/turtlebot3_ws/install/nav2_simple_commander:/opt/ros/humble /usr/bin/cmake --build /home/yang/Desktop/proj/ros0/build/my_first_pkg -- -j12 -l12
[2.055s] Invoking command in '/home/yang/Desktop/proj/ros0/build/my_first_pkg': CMAKE_PREFIX_PATH=${CMAKE_PREFIX_PATH}:/home/yang/turtlebot3_ws/install/nav2_simple_commander:/opt/ros/humble /usr/bin/cmake --install /home/yang/Desktop/proj/ros0/build/my_first_pkg
[2.058s] -- Install configuration: ""
[2.058s] -- Up-to-date: /home/yang/Desktop/proj/ros0/install/my_first_pkg/lib/my_first_pkg/talker
[2.058s] -- Up-to-date: /home/yang/Desktop/proj/ros0/install/my_first_pkg/lib/my_first_pkg/listener
[2.059s] -- Up-to-date: /home/yang/Desktop/proj/ros0/install/my_first_pkg/lib/my_first_pkg/add_server
[2.059s] -- Up-to-date: /home/yang/Desktop/proj/ros0/install/my_first_pkg/lib/my_first_pkg/add_client
[2.059s] -- Up-to-date: /home/yang/Desktop/proj/ros0/install/my_first_pkg/share/my_first_pkg/launch
[2.059s] -- Up-to-date: /home/yang/Desktop/proj/ros0/install/my_first_pkg/share/my_first_pkg/launch/demo.launch.py
[2.059s] -- Installing: /home/yang/Desktop/proj/ros0/install/my_first_pkg/lib/my_first_pkg/sensor_pub
[2.059s] -- Set runtime path of "/home/yang/Desktop/proj/ros0/install/my_first_pkg/lib/my_first_pkg/sensor_pub" to ""
[2.059s] -- Up-to-date: /home/yang/Desktop/proj/ros0/install/my_first_pkg/share/ament_index/resource_index/package_run_dependencies/my_first_pkg
[2.059s] -- Installing: /home/yang/Desktop/proj/ros0/install/my_first_pkg/share/ament_index/resource_index/parent_prefix_path/my_first_pkg
[2.059s] -- Up-to-date: /home/yang/Desktop/proj/ros0/install/my_first_pkg/share/my_first_pkg/environment/ament_prefix_path.sh
[2.059s] -- Installing: /home/yang/Desktop/proj/ros0/install/my_first_pkg/share/my_first_pkg/environment/ament_prefix_path.dsv
[2.060s] -- Up-to-date: /home/yang/Desktop/proj/ros0/install/my_first_pkg/share/my_first_pkg/environment/path.sh
[2.060s] -- Installing: /home/yang/Desktop/proj/ros0/install/my_first_pkg/share/my_first_pkg/environment/path.dsv
[2.060s] -- Up-to-date: /home/yang/Desktop/proj/ros0/install/my_first_pkg/share/my_first_pkg/local_setup.bash
[2.060s] -- Up-to-date: /home/yang/Desktop/proj/ros0/install/my_first_pkg/share/my_first_pkg/local_setup.sh
[2.060s] -- Up-to-date: /home/yang/Desktop/proj/ros0/install/my_first_pkg/share/my_first_pkg/local_setup.zsh
[2.060s] -- Installing: /home/yang/Desktop/proj/ros0/install/my_first_pkg/share/my_first_pkg/local_setup.dsv
[2.060s] -- Installing: /home/yang/Desktop/proj/ros0/install/my_first_pkg/share/my_first_pkg/package.dsv
[2.060s] -- Up-to-date: /home/yang/Desktop/proj/ros0/install/my_first_pkg/share/ament_index/resource_index/packages/my_first_pkg
[2.060s] -- Up-to-date: /home/yang/Desktop/proj/ros0/install/my_first_pkg/share/my_first_pkg/cmake/my_first_pkgConfig.cmake
[2.060s] -- Up-to-date: /home/yang/Desktop/proj/ros0/install/my_first_pkg/share/my_first_pkg/cmake/my_first_pkgConfig-version.cmake
[2.060s] -- Up-to-date: /home/yang/Desktop/proj/ros0/install/my_first_pkg/share/my_first_pkg/package.xml
[2.061s] Invoked command in '/home/yang/Desktop/proj/ros0/build/my_first_pkg' returned '0': CMAKE_PREFIX_PATH=${CMAKE_PREFIX_PATH}:/home/yang/turtlebot3_ws/install/nav2_simple_commander:/opt/ros/humble /usr/bin/cmake --install /home/yang/Desktop/proj/ros0/build/my_first_pkg
