[0.010s] Invoking command in '/home/yang/Desktop/proj/ros0/build/my_interfaces': CMAKE_PREFIX_PATH=${CMAKE_PREFIX_PATH}:/home/yang/turtlebot3_ws/install/nav2_simple_commander:/opt/ros/humble /usr/bin/cmake --build /home/yang/Desktop/proj/ros0/build/my_interfaces -- -j12 -l12
[0.032s] [  6%] Built target my_interfaces__cpp
[0.032s] [ 12%] Built target my_interfaces__rosidl_generator_c
[0.038s] [ 12%] Built target ament_cmake_python_copy_my_interfaces
[0.043s] [ 22%] Built target my_interfaces__rosidl_typesupport_fastrtps_cpp
[0.044s] [ 48%] Built target my_interfaces__rosidl_typesupport_introspection_cpp
[0.044s] [ 48%] Built target my_interfaces__rosidl_typesupport_fastrtps_c
[0.044s] [ 51%] Built target my_interfaces__rosidl_typesupport_cpp
[0.044s] [ 61%] Built target my_interfaces__rosidl_typesupport_introspection_c
[0.044s] [ 70%] Built target my_interfaces__rosidl_typesupport_c
[0.051s] [ 70%] Built target my_interfaces
[0.058s] [ 74%] Built target my_interfaces__py
[0.066s] [ 80%] Built target my_interfaces__rosidl_generator_py
[0.075s] [ 93%] Built target my_interfaces__rosidl_typesupport_introspection_c__pyext
[0.075s] [ 93%] Built target my_interfaces__rosidl_typesupport_c__pyext
[0.075s] [100%] Built target my_interfaces__rosidl_typesupport_fastrtps_c__pyext
[0.132s] running egg_info
[0.132s] writing my_interfaces.egg-info/PKG-INFO
[0.133s] writing dependency_links to my_interfaces.egg-info/dependency_links.txt
[0.133s] writing top-level names to my_interfaces.egg-info/top_level.txt
[0.134s] reading manifest file 'my_interfaces.egg-info/SOURCES.txt'
[0.134s] writing manifest file 'my_interfaces.egg-info/SOURCES.txt'
[0.148s] [100%] Built target ament_cmake_python_build_my_interfaces_egg
[0.154s] Invoked command in '/home/yang/Desktop/proj/ros0/build/my_interfaces' returned '0': CMAKE_PREFIX_PATH=${CMAKE_PREFIX_PATH}:/home/yang/turtlebot3_ws/install/nav2_simple_commander:/opt/ros/humble /usr/bin/cmake --build /home/yang/Desktop/proj/ros0/build/my_interfaces -- -j12 -l12
[0.157s] Invoking command in '/home/yang/Desktop/proj/ros0/build/my_interfaces': CMAKE_PREFIX_PATH=${CMAKE_PREFIX_PATH}:/home/yang/turtlebot3_ws/install/nav2_simple_commander:/opt/ros/humble /usr/bin/cmake --install /home/yang/Desktop/proj/ros0/build/my_interfaces
[0.161s] -- Install configuration: ""
[0.161s] -- Up-to-date: /home/yang/Desktop/proj/ros0/install/my_interfaces/share/ament_index/resource_index/rosidl_interfaces/my_interfaces
[0.161s] -- Up-to-date: /home/yang/Desktop/proj/ros0/install/my_interfaces/include/my_interfaces/my_interfaces
[0.161s] -- Up-to-date: /home/yang/Desktop/proj/ros0/install/my_interfaces/include/my_interfaces/my_interfaces/msg
[0.161s] -- Up-to-date: /home/yang/Desktop/proj/ros0/install/my_interfaces/include/my_interfaces/my_interfaces/msg/rosidl_generator_c__visibility_control.h
[0.161s] -- Up-to-date: /home/yang/Desktop/proj/ros0/install/my_interfaces/include/my_interfaces/my_interfaces/msg/detail
[0.161s] -- Up-to-date: /home/yang/Desktop/proj/ros0/install/my_interfaces/include/my_interfaces/my_interfaces/msg/detail/sensor__functions.c
[0.161s] -- Up-to-date: /home/yang/Desktop/proj/ros0/install/my_interfaces/include/my_interfaces/my_interfaces/msg/detail/sensor__struct.h
[0.161s] -- Up-to-date: /home/yang/Desktop/proj/ros0/install/my_interfaces/include/my_interfaces/my_interfaces/msg/detail/sensor__type_support.h
[0.161s] -- Up-to-date: /home/yang/Desktop/proj/ros0/install/my_interfaces/include/my_interfaces/my_interfaces/msg/detail/sensor__functions.h
[0.161s] -- Up-to-date: /home/yang/Desktop/proj/ros0/install/my_interfaces/include/my_interfaces/my_interfaces/msg/sensor.h
[0.161s] -- Up-to-date: /home/yang/Desktop/proj/ros0/install/my_interfaces/share/my_interfaces/environment/library_path.sh
[0.161s] -- Up-to-date: /home/yang/Desktop/proj/ros0/install/my_interfaces/share/my_interfaces/environment/library_path.dsv
[0.161s] -- Up-to-date: /home/yang/Desktop/proj/ros0/install/my_interfaces/lib/libmy_interfaces__rosidl_generator_c.so
[0.161s] -- Up-to-date: /home/yang/Desktop/proj/ros0/install/my_interfaces/include/my_interfaces/my_interfaces
[0.161s] -- Up-to-date: /home/yang/Desktop/proj/ros0/install/my_interfaces/include/my_interfaces/my_interfaces/msg
[0.161s] -- Up-to-date: /home/yang/Desktop/proj/ros0/install/my_interfaces/include/my_interfaces/my_interfaces/msg/detail
[0.161s] -- Up-to-date: /home/yang/Desktop/proj/ros0/install/my_interfaces/include/my_interfaces/my_interfaces/msg/detail/sensor__rosidl_typesupport_fastrtps_c.h
[0.161s] -- Up-to-date: /home/yang/Desktop/proj/ros0/install/my_interfaces/include/my_interfaces/my_interfaces/msg/rosidl_typesupport_fastrtps_c__visibility_control.h
[0.161s] -- Up-to-date: /home/yang/Desktop/proj/ros0/install/my_interfaces/lib/libmy_interfaces__rosidl_typesupport_fastrtps_c.so
[0.161s] -- Up-to-date: /home/yang/Desktop/proj/ros0/install/my_interfaces/include/my_interfaces/my_interfaces
[0.161s] -- Up-to-date: /home/yang/Desktop/proj/ros0/install/my_interfaces/include/my_interfaces/my_interfaces/msg
[0.161s] -- Up-to-date: /home/yang/Desktop/proj/ros0/install/my_interfaces/include/my_interfaces/my_interfaces/msg/detail
[0.161s] -- Up-to-date: /home/yang/Desktop/proj/ros0/install/my_interfaces/include/my_interfaces/my_interfaces/msg/detail/sensor__type_support.c
[0.161s] -- Up-to-date: /home/yang/Desktop/proj/ros0/install/my_interfaces/include/my_interfaces/my_interfaces/msg/detail/sensor__rosidl_typesupport_introspection_c.h
[0.161s] -- Up-to-date: /home/yang/Desktop/proj/ros0/install/my_interfaces/include/my_interfaces/my_interfaces/msg/rosidl_typesupport_introspection_c__visibility_control.h
[0.161s] -- Up-to-date: /home/yang/Desktop/proj/ros0/install/my_interfaces/lib/libmy_interfaces__rosidl_typesupport_introspection_c.so
[0.161s] -- Up-to-date: /home/yang/Desktop/proj/ros0/install/my_interfaces/lib/libmy_interfaces__rosidl_typesupport_c.so
[0.161s] -- Up-to-date: /home/yang/Desktop/proj/ros0/install/my_interfaces/include/my_interfaces/my_interfaces
[0.161s] -- Up-to-date: /home/yang/Desktop/proj/ros0/install/my_interfaces/include/my_interfaces/my_interfaces/msg
[0.161s] -- Up-to-date: /home/yang/Desktop/proj/ros0/install/my_interfaces/include/my_interfaces/my_interfaces/msg/sensor.hpp
[0.161s] -- Up-to-date: /home/yang/Desktop/proj/ros0/install/my_interfaces/include/my_interfaces/my_interfaces/msg/detail
[0.161s] -- Up-to-date: /home/yang/Desktop/proj/ros0/install/my_interfaces/include/my_interfaces/my_interfaces/msg/detail/sensor__builder.hpp
[0.161s] -- Up-to-date: /home/yang/Desktop/proj/ros0/install/my_interfaces/include/my_interfaces/my_interfaces/msg/detail/sensor__struct.hpp
[0.161s] -- Up-to-date: /home/yang/Desktop/proj/ros0/install/my_interfaces/include/my_interfaces/my_interfaces/msg/detail/sensor__type_support.hpp
[0.161s] -- Up-to-date: /home/yang/Desktop/proj/ros0/install/my_interfaces/include/my_interfaces/my_interfaces/msg/detail/sensor__traits.hpp
[0.161s] -- Up-to-date: /home/yang/Desktop/proj/ros0/install/my_interfaces/include/my_interfaces/my_interfaces/msg/rosidl_generator_cpp__visibility_control.hpp
[0.161s] -- Up-to-date: /home/yang/Desktop/proj/ros0/install/my_interfaces/include/my_interfaces/my_interfaces
[0.161s] -- Up-to-date: /home/yang/Desktop/proj/ros0/install/my_interfaces/include/my_interfaces/my_interfaces/msg
[0.161s] -- Up-to-date: /home/yang/Desktop/proj/ros0/install/my_interfaces/include/my_interfaces/my_interfaces/msg/detail
[0.161s] -- Up-to-date: /home/yang/Desktop/proj/ros0/install/my_interfaces/include/my_interfaces/my_interfaces/msg/detail/dds_fastrtps
[0.162s] -- Up-to-date: /home/yang/Desktop/proj/ros0/install/my_interfaces/include/my_interfaces/my_interfaces/msg/detail/sensor__rosidl_typesupport_fastrtps_cpp.hpp
[0.162s] -- Up-to-date: /home/yang/Desktop/proj/ros0/install/my_interfaces/include/my_interfaces/my_interfaces/msg/rosidl_typesupport_fastrtps_cpp__visibility_control.h
[0.162s] -- Up-to-date: /home/yang/Desktop/proj/ros0/install/my_interfaces/lib/libmy_interfaces__rosidl_typesupport_fastrtps_cpp.so
[0.162s] -- Up-to-date: /home/yang/Desktop/proj/ros0/install/my_interfaces/include/my_interfaces/my_interfaces
[0.162s] -- Up-to-date: /home/yang/Desktop/proj/ros0/install/my_interfaces/include/my_interfaces/my_interfaces/msg
[0.162s] -- Up-to-date: /home/yang/Desktop/proj/ros0/install/my_interfaces/include/my_interfaces/my_interfaces/msg/detail
[0.162s] -- Up-to-date: /home/yang/Desktop/proj/ros0/install/my_interfaces/include/my_interfaces/my_interfaces/msg/detail/sensor__rosidl_typesupport_introspection_cpp.hpp
[0.162s] -- Up-to-date: /home/yang/Desktop/proj/ros0/install/my_interfaces/include/my_interfaces/my_interfaces/msg/detail/sensor__type_support.cpp
[0.162s] -- Up-to-date: /home/yang/Desktop/proj/ros0/install/my_interfaces/lib/libmy_interfaces__rosidl_typesupport_introspection_cpp.so
[0.162s] -- Up-to-date: /home/yang/Desktop/proj/ros0/install/my_interfaces/lib/libmy_interfaces__rosidl_typesupport_cpp.so
[0.162s] -- Up-to-date: /home/yang/Desktop/proj/ros0/install/my_interfaces/share/my_interfaces/environment/pythonpath.sh
[0.162s] -- Up-to-date: /home/yang/Desktop/proj/ros0/install/my_interfaces/share/my_interfaces/environment/pythonpath.dsv
[0.162s] -- Up-to-date: /home/yang/Desktop/proj/ros0/install/my_interfaces/local/lib/python3.10/dist-packages/my_interfaces-0.0.0-py3.10.egg-info
[0.162s] -- Installing: /home/yang/Desktop/proj/ros0/install/my_interfaces/local/lib/python3.10/dist-packages/my_interfaces-0.0.0-py3.10.egg-info/dependency_links.txt
[0.162s] -- Installing: /home/yang/Desktop/proj/ros0/install/my_interfaces/local/lib/python3.10/dist-packages/my_interfaces-0.0.0-py3.10.egg-info/SOURCES.txt
[0.162s] -- Installing: /home/yang/Desktop/proj/ros0/install/my_interfaces/local/lib/python3.10/dist-packages/my_interfaces-0.0.0-py3.10.egg-info/top_level.txt
[0.162s] -- Installing: /home/yang/Desktop/proj/ros0/install/my_interfaces/local/lib/python3.10/dist-packages/my_interfaces-0.0.0-py3.10.egg-info/PKG-INFO
[0.162s] -- Up-to-date: /home/yang/Desktop/proj/ros0/install/my_interfaces/local/lib/python3.10/dist-packages/my_interfaces
[0.162s] -- Up-to-date: /home/yang/Desktop/proj/ros0/install/my_interfaces/local/lib/python3.10/dist-packages/my_interfaces/my_interfaces_s__rosidl_typesupport_c.cpython-310-x86_64-linux-gnu.so
[0.162s] -- Up-to-date: /home/yang/Desktop/proj/ros0/install/my_interfaces/local/lib/python3.10/dist-packages/my_interfaces/my_interfaces_s__rosidl_typesupport_introspection_c.cpython-310-x86_64-linux-gnu.so
[0.162s] -- Up-to-date: /home/yang/Desktop/proj/ros0/install/my_interfaces/local/lib/python3.10/dist-packages/my_interfaces/_my_interfaces_s.ep.rosidl_typesupport_c.c
[0.162s] -- Up-to-date: /home/yang/Desktop/proj/ros0/install/my_interfaces/local/lib/python3.10/dist-packages/my_interfaces/_my_interfaces_s.ep.rosidl_typesupport_introspection_c.c
[0.162s] -- Up-to-date: /home/yang/Desktop/proj/ros0/install/my_interfaces/local/lib/python3.10/dist-packages/my_interfaces/msg
[0.162s] -- Up-to-date: /home/yang/Desktop/proj/ros0/install/my_interfaces/local/lib/python3.10/dist-packages/my_interfaces/msg/_sensor.py
[0.162s] -- Up-to-date: /home/yang/Desktop/proj/ros0/install/my_interfaces/local/lib/python3.10/dist-packages/my_interfaces/msg/_sensor_s.c
[0.162s] -- Up-to-date: /home/yang/Desktop/proj/ros0/install/my_interfaces/local/lib/python3.10/dist-packages/my_interfaces/msg/__init__.py
[0.162s] -- Up-to-date: /home/yang/Desktop/proj/ros0/install/my_interfaces/local/lib/python3.10/dist-packages/my_interfaces/__init__.py
[0.162s] -- Up-to-date: /home/yang/Desktop/proj/ros0/install/my_interfaces/local/lib/python3.10/dist-packages/my_interfaces/my_interfaces_s__rosidl_typesupport_fastrtps_c.cpython-310-x86_64-linux-gnu.so
[0.162s] -- Up-to-date: /home/yang/Desktop/proj/ros0/install/my_interfaces/local/lib/python3.10/dist-packages/my_interfaces/_my_interfaces_s.ep.rosidl_typesupport_fastrtps_c.c
[0.162s] -- Up-to-date: /home/yang/Desktop/proj/ros0/install/my_interfaces/local/lib/python3.10/dist-packages/my_interfaces/libmy_interfaces__rosidl_generator_py.so
[0.177s] Listing '/home/yang/Desktop/proj/ros0/install/my_interfaces/local/lib/python3.10/dist-packages/my_interfaces'...
[0.177s] Listing '/home/yang/Desktop/proj/ros0/install/my_interfaces/local/lib/python3.10/dist-packages/my_interfaces/msg'...
[0.179s] -- Up-to-date: /home/yang/Desktop/proj/ros0/install/my_interfaces/local/lib/python3.10/dist-packages/my_interfaces/my_interfaces_s__rosidl_typesupport_fastrtps_c.cpython-310-x86_64-linux-gnu.so
[0.179s] -- Up-to-date: /home/yang/Desktop/proj/ros0/install/my_interfaces/local/lib/python3.10/dist-packages/my_interfaces/my_interfaces_s__rosidl_typesupport_introspection_c.cpython-310-x86_64-linux-gnu.so
[0.179s] -- Up-to-date: /home/yang/Desktop/proj/ros0/install/my_interfaces/local/lib/python3.10/dist-packages/my_interfaces/my_interfaces_s__rosidl_typesupport_c.cpython-310-x86_64-linux-gnu.so
[0.179s] -- Up-to-date: /home/yang/Desktop/proj/ros0/install/my_interfaces/lib/libmy_interfaces__rosidl_generator_py.so
[0.179s] -- Up-to-date: /home/yang/Desktop/proj/ros0/install/my_interfaces/share/my_interfaces/msg/Sensor.idl
[0.179s] -- Up-to-date: /home/yang/Desktop/proj/ros0/install/my_interfaces/share/my_interfaces/msg/Sensor.msg
[0.179s] -- Up-to-date: /home/yang/Desktop/proj/ros0/install/my_interfaces/share/ament_index/resource_index/package_run_dependencies/my_interfaces
[0.179s] -- Up-to-date: /home/yang/Desktop/proj/ros0/install/my_interfaces/share/ament_index/resource_index/parent_prefix_path/my_interfaces
[0.179s] -- Up-to-date: /home/yang/Desktop/proj/ros0/install/my_interfaces/share/my_interfaces/environment/ament_prefix_path.sh
[0.179s] -- Up-to-date: /home/yang/Desktop/proj/ros0/install/my_interfaces/share/my_interfaces/environment/ament_prefix_path.dsv
[0.179s] -- Up-to-date: /home/yang/Desktop/proj/ros0/install/my_interfaces/share/my_interfaces/environment/path.sh
[0.179s] -- Up-to-date: /home/yang/Desktop/proj/ros0/install/my_interfaces/share/my_interfaces/environment/path.dsv
[0.179s] -- Up-to-date: /home/yang/Desktop/proj/ros0/install/my_interfaces/share/my_interfaces/local_setup.bash
[0.179s] -- Up-to-date: /home/yang/Desktop/proj/ros0/install/my_interfaces/share/my_interfaces/local_setup.sh
[0.179s] -- Up-to-date: /home/yang/Desktop/proj/ros0/install/my_interfaces/share/my_interfaces/local_setup.zsh
[0.179s] -- Up-to-date: /home/yang/Desktop/proj/ros0/install/my_interfaces/share/my_interfaces/local_setup.dsv
[0.179s] -- Installing: /home/yang/Desktop/proj/ros0/install/my_interfaces/share/my_interfaces/package.dsv
[0.179s] -- Up-to-date: /home/yang/Desktop/proj/ros0/install/my_interfaces/share/ament_index/resource_index/packages/my_interfaces
[0.179s] -- Up-to-date: /home/yang/Desktop/proj/ros0/install/my_interfaces/share/my_interfaces/cmake/export_my_interfaces__rosidl_generator_cExport.cmake
[0.179s] -- Up-to-date: /home/yang/Desktop/proj/ros0/install/my_interfaces/share/my_interfaces/cmake/export_my_interfaces__rosidl_generator_cExport-noconfig.cmake
[0.179s] -- Up-to-date: /home/yang/Desktop/proj/ros0/install/my_interfaces/share/my_interfaces/cmake/export_my_interfaces__rosidl_typesupport_fastrtps_cExport.cmake
[0.179s] -- Up-to-date: /home/yang/Desktop/proj/ros0/install/my_interfaces/share/my_interfaces/cmake/export_my_interfaces__rosidl_typesupport_fastrtps_cExport-noconfig.cmake
[0.179s] -- Up-to-date: /home/yang/Desktop/proj/ros0/install/my_interfaces/share/my_interfaces/cmake/my_interfaces__rosidl_typesupport_introspection_cExport.cmake
[0.179s] -- Up-to-date: /home/yang/Desktop/proj/ros0/install/my_interfaces/share/my_interfaces/cmake/my_interfaces__rosidl_typesupport_introspection_cExport-noconfig.cmake
[0.179s] -- Up-to-date: /home/yang/Desktop/proj/ros0/install/my_interfaces/share/my_interfaces/cmake/my_interfaces__rosidl_typesupport_cExport.cmake
[0.179s] -- Up-to-date: /home/yang/Desktop/proj/ros0/install/my_interfaces/share/my_interfaces/cmake/my_interfaces__rosidl_typesupport_cExport-noconfig.cmake
[0.180s] -- Up-to-date: /home/yang/Desktop/proj/ros0/install/my_interfaces/share/my_interfaces/cmake/export_my_interfaces__rosidl_generator_cppExport.cmake
[0.180s] -- Up-to-date: /home/yang/Desktop/proj/ros0/install/my_interfaces/share/my_interfaces/cmake/export_my_interfaces__rosidl_typesupport_fastrtps_cppExport.cmake
[0.180s] -- Up-to-date: /home/yang/Desktop/proj/ros0/install/my_interfaces/share/my_interfaces/cmake/export_my_interfaces__rosidl_typesupport_fastrtps_cppExport-noconfig.cmake
[0.180s] -- Up-to-date: /home/yang/Desktop/proj/ros0/install/my_interfaces/share/my_interfaces/cmake/my_interfaces__rosidl_typesupport_introspection_cppExport.cmake
[0.180s] -- Up-to-date: /home/yang/Desktop/proj/ros0/install/my_interfaces/share/my_interfaces/cmake/my_interfaces__rosidl_typesupport_introspection_cppExport-noconfig.cmake
[0.180s] -- Up-to-date: /home/yang/Desktop/proj/ros0/install/my_interfaces/share/my_interfaces/cmake/my_interfaces__rosidl_typesupport_cppExport.cmake
[0.180s] -- Up-to-date: /home/yang/Desktop/proj/ros0/install/my_interfaces/share/my_interfaces/cmake/my_interfaces__rosidl_typesupport_cppExport-noconfig.cmake
[0.180s] -- Up-to-date: /home/yang/Desktop/proj/ros0/install/my_interfaces/share/my_interfaces/cmake/export_my_interfaces__rosidl_generator_pyExport.cmake
[0.180s] -- Up-to-date: /home/yang/Desktop/proj/ros0/install/my_interfaces/share/my_interfaces/cmake/export_my_interfaces__rosidl_generator_pyExport-noconfig.cmake
[0.180s] -- Up-to-date: /home/yang/Desktop/proj/ros0/install/my_interfaces/share/my_interfaces/cmake/rosidl_cmake-extras.cmake
[0.180s] -- Up-to-date: /home/yang/Desktop/proj/ros0/install/my_interfaces/share/my_interfaces/cmake/ament_cmake_export_include_directories-extras.cmake
[0.180s] -- Up-to-date: /home/yang/Desktop/proj/ros0/install/my_interfaces/share/my_interfaces/cmake/ament_cmake_export_libraries-extras.cmake
[0.180s] -- Up-to-date: /home/yang/Desktop/proj/ros0/install/my_interfaces/share/my_interfaces/cmake/ament_cmake_export_targets-extras.cmake
[0.180s] -- Up-to-date: /home/yang/Desktop/proj/ros0/install/my_interfaces/share/my_interfaces/cmake/rosidl_cmake_export_typesupport_targets-extras.cmake
[0.180s] -- Up-to-date: /home/yang/Desktop/proj/ros0/install/my_interfaces/share/my_interfaces/cmake/ament_cmake_export_dependencies-extras.cmake
[0.180s] -- Up-to-date: /home/yang/Desktop/proj/ros0/install/my_interfaces/share/my_interfaces/cmake/rosidl_cmake_export_typesupport_libraries-extras.cmake
[0.180s] -- Up-to-date: /home/yang/Desktop/proj/ros0/install/my_interfaces/share/my_interfaces/cmake/my_interfacesConfig.cmake
[0.180s] -- Up-to-date: /home/yang/Desktop/proj/ros0/install/my_interfaces/share/my_interfaces/cmake/my_interfacesConfig-version.cmake
[0.180s] -- Up-to-date: /home/yang/Desktop/proj/ros0/install/my_interfaces/share/my_interfaces/package.xml
[0.181s] Invoked command in '/home/yang/Desktop/proj/ros0/build/my_interfaces' returned '0': CMAKE_PREFIX_PATH=${CMAKE_PREFIX_PATH}:/home/yang/turtlebot3_ws/install/nav2_simple_commander:/opt/ros/humble /usr/bin/cmake --install /home/yang/Desktop/proj/ros0/build/my_interfaces
