[0.006s] Invoking command in '/home/yang/Desktop/proj/ros0/build/my_first_pkg': CMAKE_PREFIX_PATH=${CMAKE_PREFIX_PATH}:/home/yang/turtlebot3_ws/install/nav2_simple_commander:/opt/ros/humble /usr/bin/cmake --build /home/yang/Desktop/proj/ros0/build/my_first_pkg -- -j12 -l12
[0.018s] -- Found ament_cmake: 1.3.13 (/opt/ros/humble/share/ament_cmake/cmake)
[0.085s] -- Found rclcpp: 16.0.18 (/opt/ros/humble/share/rclcpp/cmake)
[0.096s] -- Found rosidl_generator_c: 3.1.8 (/opt/ros/humble/share/rosidl_generator_c/cmake)
[0.097s] -- Found rosidl_adapter: 3.1.8 (/opt/ros/humble/share/rosidl_adapter/cmake)
[0.099s] -- Found rosidl_generator_cpp: 3.1.8 (/opt/ros/humble/share/rosidl_generator_cpp/cmake)
[0.103s] -- Using all available rosidl_typesupport_c: rosidl_typesupport_fastrtps_c;rosidl_typesupport_introspection_c
[0.107s] -- Using all available rosidl_typesupport_cpp: rosidl_typesupport_fastrtps_cpp;rosidl_typesupport_introspection_cpp
[0.120s] -- Found rmw_implementation_cmake: 6.1.2 (/opt/ros/humble/share/rmw_implementation_cmake/cmake)
[0.120s] -- Found rmw_fastrtps_cpp: 6.2.10 (/opt/ros/humble/share/rmw_fastrtps_cpp/cmake)
[0.166s] -- Using RMW implementation 'rmw_fastrtps_cpp' as default
[0.185s] -- Found ament_lint_auto: 0.12.15 (/opt/ros/humble/share/ament_lint_auto/cmake)
[0.216s] -- Found example_interfaces: 0.9.3 (/opt/ros/humble/share/example_interfaces/cmake)
[0.232s] -- Found my_interfaces: 0.0.0 (/home/yang/Desktop/proj/ros0/install/my_interfaces/share/my_interfaces/cmake)
[0.236s] -- Found geometry_msgs: 4.9.1 (/opt/ros/humble/share/geometry_msgs/cmake)
[0.246s] [31mCMake Error at CMakeLists.txt:50 (find_package):
[0.246s]   By not providing "Findvisualiztion_msgs.cmake" in CMAKE_MODULE_PATH this
[0.246s]   project has asked CMake to find a package configuration file provided by
[0.246s]   "visualiztion_msgs", but CMake did not find one.
[0.246s] 
[0.246s]   Could not find a package configuration file provided by "visualiztion_msgs"
[0.246s]   with any of the following names:
[0.246s] 
[0.246s]     visualiztion_msgsConfig.cmake
[0.246s]     visualiztion_msgs-config.cmake
[0.246s] 
[0.246s]   Add the installation prefix of "visualiztion_msgs" to CMAKE_PREFIX_PATH or
[0.246s]   set "visualiztion_msgs_DIR" to a directory containing one of the above
[0.246s]   files.  If "visualiztion_msgs" provides a separate development package or
[0.246s]   SDK, be sure it has been installed.
[0.246s] 
[0.246s] [0m
[0.246s] -- Configuring incomplete, errors occurred!
[0.246s] See also "/home/yang/Desktop/proj/ros0/build/my_first_pkg/CMakeFiles/CMakeOutput.log".
[0.250s] gmake: *** [Makefile:431: cmake_check_build_system] Error 1
[0.252s] Invoked command in '/home/yang/Desktop/proj/ros0/build/my_first_pkg' returned '2': CMAKE_PREFIX_PATH=${CMAKE_PREFIX_PATH}:/home/yang/turtlebot3_ws/install/nav2_simple_commander:/opt/ros/humble /usr/bin/cmake --build /home/yang/Desktop/proj/ros0/build/my_first_pkg -- -j12 -l12
