-- Found ament_cmake: 1.3.13 (/opt/ros/humble/share/ament_cmake/cmake)
-- Found rclcpp: 16.0.18 (/opt/ros/humble/share/rclcpp/cmake)
-- Found rosidl_generator_c: 3.1.8 (/opt/ros/humble/share/rosidl_generator_c/cmake)
-- Found rosidl_adapter: 3.1.8 (/opt/ros/humble/share/rosidl_adapter/cmake)
-- Found rosidl_generator_cpp: 3.1.8 (/opt/ros/humble/share/rosidl_generator_cpp/cmake)
-- Using all available rosidl_typesupport_c: rosidl_typesupport_fastrtps_c;rosidl_typesupport_introspection_c
-- Using all available rosidl_typesupport_cpp: rosidl_typesupport_fastrtps_cpp;rosidl_typesupport_introspection_cpp
-- Found rmw_implementation_cmake: 6.1.2 (/opt/ros/humble/share/rmw_implementation_cmake/cmake)
-- Found rmw_fastrtps_cpp: 6.2.10 (/opt/ros/humble/share/rmw_fastrtps_cpp/cmake)
-- Using RMW implementation 'rmw_fastrtps_cpp' as default
-- Found geometry_msgs: 4.9.1 (/opt/ros/humble/share/geometry_msgs/cmake)
-- Found visualization_msgs: 4.9.1 (/opt/ros/humble/share/visualization_msgs/cmake)
-- Found ament_lint_auto: 0.12.15 (/opt/ros/humble/share/ament_lint_auto/cmake)
-- Found example_interfaces: 0.9.3 (/opt/ros/humble/share/example_interfaces/cmake)
-- Found my_interfaces: 0.0.0 (/home/yang/Desktop/ros-pr0/install/my_interfaces/share/my_interfaces/cmake)
-- Added test 'cppcheck' to perform static code analysis on C / C++ code
-- Configured cppcheck include dirs: 
-- Configured cppcheck exclude dirs and/or files: 
-- Added test 'flake8' to check Python code syntax and style conventions
-- Added test 'lint_cmake' to check CMake code style
-- Added test 'pep257' to check Python code against some of the docstring style conventions in PEP 257
-- Added test 'uncrustify' to check C / C++ code style
-- Configured uncrustify additional arguments: 
-- Added test 'xmllint' to check XML markup files
-- Configuring done
-- Generating done
-- Build files have been written to: /home/yang/Desktop/ros-pr0/build/my_first_pkg
[ 25%] [32mBuilding CXX object CMakeFiles/listener.dir/src/subscriber.cpp.o[0m
[ 25%] [32mBuilding CXX object CMakeFiles/talker.dir/src/publisher.cpp.o[0m
[ 25%] [32mBuilding CXX object CMakeFiles/add_client.dir/src/add_client.cpp.o[0m
[ 33%] [32mBuilding CXX object CMakeFiles/add_server.dir/src/add_server.cpp.o[0m
[ 41%] [32m[1mLinking CXX executable add_server[0m
[ 41%] Built target add_server
[ 50%] [32mBuilding CXX object CMakeFiles/sensor_pub.dir/src/sensor_pub.cpp.o[0m
[ 58%] [32m[1mLinking CXX executable add_client[0m
[ 58%] Built target add_client
[ 66%] [32mBuilding CXX object CMakeFiles/ekf_slam.dir/src/ekf_slam.cpp.o[0m
[ 75%] [32m[1mLinking CXX executable talker[0m
[ 75%] Built target talker
[ 83%] [32m[1mLinking CXX executable sensor_pub[0m
[ 83%] Built target sensor_pub
[ 91%] [32m[1mLinking CXX executable listener[0m
[ 91%] Built target listener
[100%] [32m[1mLinking CXX executable ekf_slam[0m
[100%] Built target ekf_slam
-- Install configuration: ""
-- Installing: /home/yang/Desktop/ros-pr0/install/my_first_pkg/lib/my_first_pkg/talker
-- Set runtime path of "/home/yang/Desktop/ros-pr0/install/my_first_pkg/lib/my_first_pkg/talker" to ""
-- Installing: /home/yang/Desktop/ros-pr0/install/my_first_pkg/lib/my_first_pkg/listener
-- Set runtime path of "/home/yang/Desktop/ros-pr0/install/my_first_pkg/lib/my_first_pkg/listener" to ""
-- Installing: /home/yang/Desktop/ros-pr0/install/my_first_pkg/lib/my_first_pkg/add_server
-- Set runtime path of "/home/yang/Desktop/ros-pr0/install/my_first_pkg/lib/my_first_pkg/add_server" to ""
-- Installing: /home/yang/Desktop/ros-pr0/install/my_first_pkg/lib/my_first_pkg/add_client
-- Set runtime path of "/home/yang/Desktop/ros-pr0/install/my_first_pkg/lib/my_first_pkg/add_client" to ""
-- Installing: /home/yang/Desktop/ros-pr0/install/my_first_pkg/share/my_first_pkg/launch
-- Installing: /home/yang/Desktop/ros-pr0/install/my_first_pkg/share/my_first_pkg/launch/demo.launch.py
-- Installing: /home/yang/Desktop/ros-pr0/install/my_first_pkg/lib/my_first_pkg/sensor_pub
-- Set runtime path of "/home/yang/Desktop/ros-pr0/install/my_first_pkg/lib/my_first_pkg/sensor_pub" to ""
-- Installing: /home/yang/Desktop/ros-pr0/install/my_first_pkg/lib/my_first_pkg/ekf_slam
-- Set runtime path of "/home/yang/Desktop/ros-pr0/install/my_first_pkg/lib/my_first_pkg/ekf_slam" to ""
-- Installing: /home/yang/Desktop/ros-pr0/install/my_first_pkg/share/ament_index/resource_index/package_run_dependencies/my_first_pkg
-- Installing: /home/yang/Desktop/ros-pr0/install/my_first_pkg/share/ament_index/resource_index/parent_prefix_path/my_first_pkg
-- Installing: /home/yang/Desktop/ros-pr0/install/my_first_pkg/share/my_first_pkg/environment/ament_prefix_path.sh
-- Installing: /home/yang/Desktop/ros-pr0/install/my_first_pkg/share/my_first_pkg/environment/ament_prefix_path.dsv
-- Installing: /home/yang/Desktop/ros-pr0/install/my_first_pkg/share/my_first_pkg/environment/path.sh
-- Installing: /home/yang/Desktop/ros-pr0/install/my_first_pkg/share/my_first_pkg/environment/path.dsv
-- Installing: /home/yang/Desktop/ros-pr0/install/my_first_pkg/share/my_first_pkg/local_setup.bash
-- Installing: /home/yang/Desktop/ros-pr0/install/my_first_pkg/share/my_first_pkg/local_setup.sh
-- Installing: /home/yang/Desktop/ros-pr0/install/my_first_pkg/share/my_first_pkg/local_setup.zsh
-- Installing: /home/yang/Desktop/ros-pr0/install/my_first_pkg/share/my_first_pkg/local_setup.dsv
-- Installing: /home/yang/Desktop/ros-pr0/install/my_first_pkg/share/my_first_pkg/package.dsv
-- Installing: /home/yang/Desktop/ros-pr0/install/my_first_pkg/share/ament_index/resource_index/packages/my_first_pkg
-- Installing: /home/yang/Desktop/ros-pr0/install/my_first_pkg/share/my_first_pkg/cmake/my_first_pkgConfig.cmake
-- Installing: /home/yang/Desktop/ros-pr0/install/my_first_pkg/share/my_first_pkg/cmake/my_first_pkgConfig-version.cmake
-- Installing: /home/yang/Desktop/ros-pr0/install/my_first_pkg/share/my_first_pkg/package.xml
