-- Found ament_cmake: 1.3.13 (/opt/ros/humble/share/ament_cmake/cmake)
-- Found rclcpp: 16.0.18 (/opt/ros/humble/share/rclcpp/cmake)
-- Found rosidl_generator_c: 3.1.8 (/opt/ros/humble/share/rosidl_generator_c/cmake)
-- Found rosidl_adapter: 3.1.8 (/opt/ros/humble/share/rosidl_adapter/cmake)
-- Found rosidl_generator_cpp: 3.1.8 (/opt/ros/humble/share/rosidl_generator_cpp/cmake)
-- Using all available rosidl_typesupport_c: rosidl_typesupport_fastrtps_c;rosidl_typesupport_introspection_c
-- Using all available rosidl_typesupport_cpp: rosidl_typesupport_fastrtps_cpp;rosidl_typesupport_introspection_cpp
-- Found rmw_implementation_cmake: 6.1.2 (/opt/ros/humble/share/rmw_implementation_cmake/cmake)
-- Found rmw_fastrtps_cpp: 6.2.10 (/opt/ros/humble/share/rmw_fastrtps_cpp/cmake)
-- Using RMW implementation 'rmw_fastrtps_cpp' as default
-- Found geometry_msgs: 4.9.1 (/opt/ros/humble/share/geometry_msgs/cmake)
-- Found visualization_msgs: 4.9.1 (/opt/ros/humble/share/visualization_msgs/cmake)
-- Found ament_lint_auto: 0.12.15 (/opt/ros/humble/share/ament_lint_auto/cmake)
-- Found example_interfaces: 0.9.3 (/opt/ros/humble/share/example_interfaces/cmake)
-- Found my_interfaces: 0.0.0 (/home/yang/Desktop/proj/ros0/install/my_interfaces/share/my_interfaces/cmake)
-- Added test 'cppcheck' to perform static code analysis on C / C++ code
-- Configured cppcheck include dirs: 
-- Configured cppcheck exclude dirs and/or files: 
-- Added test 'flake8' to check Python code syntax and style conventions
-- Added test 'lint_cmake' to check CMake code style
-- Added test 'pep257' to check Python code against some of the docstring style conventions in PEP 257
-- Added test 'uncrustify' to check C / C++ code style
-- Configured uncrustify additional arguments: 
-- Added test 'xmllint' to check XML markup files
-- Configuring done
-- Generating done
-- Build files have been written to: /home/yang/Desktop/proj/ros0/build/my_first_pkg
[35m[1mConsolidate compiler generated dependencies of target add_client[0m
[35m[1mConsolidate compiler generated dependencies of target sensor_pub[0m
[35m[1mConsolidate compiler generated dependencies of target listener[0m
[35m[1mConsolidate compiler generated dependencies of target ekf_slam[0m
[35m[1mConsolidate compiler generated dependencies of target talker[0m
[35m[1mConsolidate compiler generated dependencies of target add_server[0m
[ 16%] Built target add_client
[ 33%] Built target sensor_pub
[ 50%] Built target talker
[ 66%] Built target listener
[ 83%] Built target add_server
[ 91%] [32mBuilding CXX object CMakeFiles/ekf_slam.dir/src/ekf_slam.cpp.o[0m
[01m[K/home/yang/Desktop/proj/ros0/my_first_pkg/src/ekf_slam.cpp:[m[K In constructor ‘[01m[KEkfsSlam::EkfsSlam()[m[K’:
[01m[K/home/yang/Desktop/proj/ros0/my_first_pkg/src/ekf_slam.cpp:25:5:[m[K [01;31m[Kerror: [m[K‘[01m[KQ[m[K’ was not declared in this scope; did you mean ‘[01m[KQ_[m[K’?
   25 |     [01;31m[KQ[m[K = (Vec3() << 0.1, 0.1, 0.05).finished().asDiagonal();
      |     [01;31m[K^[m[K
      |     [32m[KQ_[m[K
gmake[2]: *** [CMakeFiles/ekf_slam.dir/build.make:76: CMakeFiles/ekf_slam.dir/src/ekf_slam.cpp.o] Error 1
gmake[1]: *** [CMakeFiles/Makefile2:277: CMakeFiles/ekf_slam.dir/all] Error 2
gmake: *** [Makefile:146: all] Error 2
