[0.010s] Invoking command in '/home/yang/Desktop/proj/ros0/build/my_first_pkg': CMAKE_PREFIX_PATH=${CMAKE_PREFIX_PATH}:/home/yang/turtlebot3_ws/install/nav2_simple_commander:/opt/ros/humble /usr/bin/cmake --build /home/yang/Desktop/proj/ros0/build/my_first_pkg -- -j12 -l12
[0.021s] -- Found ament_cmake: 1.3.13 (/opt/ros/humble/share/ament_cmake/cmake)
[0.088s] -- Found rclcpp: 16.0.18 (/opt/ros/humble/share/rclcpp/cmake)
[0.098s] -- Found rosidl_generator_c: 3.1.8 (/opt/ros/humble/share/rosidl_generator_c/cmake)
[0.099s] -- Found rosidl_adapter: 3.1.8 (/opt/ros/humble/share/rosidl_adapter/cmake)
[0.101s] -- Found rosidl_generator_cpp: 3.1.8 (/opt/ros/humble/share/rosidl_generator_cpp/cmake)
[0.105s] -- Using all available rosidl_typesupport_c: rosidl_typesupport_fastrtps_c;rosidl_typesupport_introspection_c
[0.109s] -- Using all available rosidl_typesupport_cpp: rosidl_typesupport_fastrtps_cpp;rosidl_typesupport_introspection_cpp
[0.120s] -- Found rmw_implementation_cmake: 6.1.2 (/opt/ros/humble/share/rmw_implementation_cmake/cmake)
[0.121s] -- Found rmw_fastrtps_cpp: 6.2.10 (/opt/ros/humble/share/rmw_fastrtps_cpp/cmake)
[0.166s] -- Using RMW implementation 'rmw_fastrtps_cpp' as default
[0.185s] -- Found ament_lint_auto: 0.12.15 (/opt/ros/humble/share/ament_lint_auto/cmake)
[0.215s] -- Found example_interfaces: 0.9.3 (/opt/ros/humble/share/example_interfaces/cmake)
[0.234s] [31mCMake Error at CMakeLists.txt:44 (find_package):
[0.234s]   By not providing "Findmy_interfaces.cmake" in CMAKE_MODULE_PATH this
[0.234s]   project has asked CMake to find a package configuration file provided by
[0.234s]   "my_interfaces", but CMake did not find one.
[0.234s] 
[0.234s]   Could not find a package configuration file provided by "my_interfaces"
[0.234s]   with any of the following names:
[0.234s] 
[0.234s]     my_interfacesConfig.cmake
[0.234s]     my_interfaces-config.cmake
[0.234s] 
[0.235s]   Add the installation prefix of "my_interfaces" to CMAKE_PREFIX_PATH or set
[0.235s]   "my_interfaces_DIR" to a directory containing one of the above files.  If
[0.235s]   "my_interfaces" provides a separate development package or SDK, be sure it
[0.235s]   has been installed.
[0.235s] 
[0.235s] [0m
[0.235s] -- Configuring incomplete, errors occurred!
[0.235s] See also "/home/yang/Desktop/proj/ros0/build/my_first_pkg/CMakeFiles/CMakeOutput.log".
[0.239s] gmake: *** [Makefile:390: cmake_check_build_system] Error 1
[0.241s] Invoked command in '/home/yang/Desktop/proj/ros0/build/my_first_pkg' returned '2': CMAKE_PREFIX_PATH=${CMAKE_PREFIX_PATH}:/home/yang/turtlebot3_ws/install/nav2_simple_commander:/opt/ros/humble /usr/bin/cmake --build /home/yang/Desktop/proj/ros0/build/my_first_pkg -- -j12 -l12
