[0.051s] DEBUG:colcon:Command line arguments: ['/usr/bin/colcon', 'build', '--cmake-args', '-DCMAKE_EXPORT_COMPILE_COMMANDS=ON']
[0.051s] DEBUG:colcon:Parsed command line arguments: Namespace(log_base=None, log_level=None, verb_name='build', build_base='build', install_base='install', merge_install=False, symlink_install=False, test_result_base=None, continue_on_error=False, executor='parallel', parallel_workers=12, event_handlers=None, ignore_user_meta=False, metas=['./colcon.meta'], base_paths=['.'], packages_ignore=None, packages_ignore_regex=None, paths=None, packages_up_to=None, packages_up_to_regex=None, packages_above=None, packages_above_and_dependencies=None, packages_above_depth=None, packages_select_by_dep=None, packages_skip_by_dep=None, packages_skip_up_to=None, packages_select_build_failed=False, packages_skip_build_finished=False, packages_select_test_failures=False, packages_skip_test_passed=False, packages_select=None, packages_skip=None, packages_select_regex=None, packages_skip_regex=None, packages_start=None, packages_end=None, allow_overriding=[], cmake_args=['-DCMAKE_EXPORT_COMPILE_COMMANDS=ON'], cmake_target=None, cmake_target_skip_unavailable=False, cmake_clean_cache=False, cmake_clean_first=False, cmake_force_configure=False, ament_cmake_args=None, catkin_cmake_args=None, catkin_skip_building_tests=False, verb_parser=<colcon_defaults.argument_parser.defaults.DefaultArgumentsDecorator object at 0x76a7dde52680>, verb_extension=<colcon_core.verb.build.BuildVerb object at 0x76a7dde52230>, main=<bound method BuildVerb.main of <colcon_core.verb.build.BuildVerb object at 0x76a7dde52230>>)
[0.124s] Level 1:colcon.colcon_core.package_discovery:discover_packages(colcon_meta) check parameters
[0.124s] Level 1:colcon.colcon_core.package_discovery:discover_packages(recursive) check parameters
[0.124s] Level 1:colcon.colcon_core.package_discovery:discover_packages(ignore) check parameters
[0.124s] Level 1:colcon.colcon_core.package_discovery:discover_packages(path) check parameters
[0.124s] Level 1:colcon.colcon_core.package_discovery:discover_packages(colcon_meta) discover
[0.124s] Level 1:colcon.colcon_core.package_discovery:discover_packages(recursive) discover
[0.124s] INFO:colcon.colcon_core.package_discovery:Crawling recursively for packages in '/home/yang/Desktop/proj/ros0'
[0.124s] Level 1:colcon.colcon_core.package_identification:_identify(.) by extensions ['ignore', 'ignore_ament_install']
[0.125s] Level 1:colcon.colcon_core.package_identification:_identify(.) by extension 'ignore'
[0.125s] Level 1:colcon.colcon_core.package_identification:_identify(.) by extension 'ignore_ament_install'
[0.125s] Level 1:colcon.colcon_core.package_identification:_identify(.) by extensions ['colcon_pkg']
[0.125s] Level 1:colcon.colcon_core.package_identification:_identify(.) by extension 'colcon_pkg'
[0.125s] Level 1:colcon.colcon_core.package_identification:_identify(.) by extensions ['colcon_meta']
[0.125s] Level 1:colcon.colcon_core.package_identification:_identify(.) by extension 'colcon_meta'
[0.125s] Level 1:colcon.colcon_core.package_identification:_identify(.) by extensions ['ros']
[0.125s] Level 1:colcon.colcon_core.package_identification:_identify(.) by extension 'ros'
[0.130s] Level 1:colcon.colcon_core.package_identification:_identify(.) by extensions ['cmake', 'python']
[0.130s] Level 1:colcon.colcon_core.package_identification:_identify(.) by extension 'cmake'
[0.130s] Level 1:colcon.colcon_core.package_identification:_identify(.) by extension 'python'
[0.130s] Level 1:colcon.colcon_core.package_identification:_identify(.) by extensions ['python_setup_py']
[0.130s] Level 1:colcon.colcon_core.package_identification:_identify(.) by extension 'python_setup_py'
[0.131s] Level 1:colcon.colcon_core.package_identification:_identify(build) by extensions ['ignore', 'ignore_ament_install']
[0.131s] Level 1:colcon.colcon_core.package_identification:_identify(build) by extension 'ignore'
[0.131s] Level 1:colcon.colcon_core.package_identification:_identify(build) ignored
[0.131s] Level 1:colcon.colcon_core.package_identification:_identify(install) by extensions ['ignore', 'ignore_ament_install']
[0.131s] Level 1:colcon.colcon_core.package_identification:_identify(install) by extension 'ignore'
[0.131s] Level 1:colcon.colcon_core.package_identification:_identify(install) ignored
[0.131s] Level 1:colcon.colcon_core.package_identification:_identify(log) by extensions ['ignore', 'ignore_ament_install']
[0.131s] Level 1:colcon.colcon_core.package_identification:_identify(log) by extension 'ignore'
[0.131s] Level 1:colcon.colcon_core.package_identification:_identify(log) ignored
[0.131s] Level 1:colcon.colcon_core.package_identification:_identify(my_first_pkg) by extensions ['ignore', 'ignore_ament_install']
[0.131s] Level 1:colcon.colcon_core.package_identification:_identify(my_first_pkg) by extension 'ignore'
[0.131s] Level 1:colcon.colcon_core.package_identification:_identify(my_first_pkg) by extension 'ignore_ament_install'
[0.131s] Level 1:colcon.colcon_core.package_identification:_identify(my_first_pkg) by extensions ['colcon_pkg']
[0.131s] Level 1:colcon.colcon_core.package_identification:_identify(my_first_pkg) by extension 'colcon_pkg'
[0.131s] Level 1:colcon.colcon_core.package_identification:_identify(my_first_pkg) by extensions ['colcon_meta']
[0.131s] Level 1:colcon.colcon_core.package_identification:_identify(my_first_pkg) by extension 'colcon_meta'
[0.131s] Level 1:colcon.colcon_core.package_identification:_identify(my_first_pkg) by extensions ['ros']
[0.131s] Level 1:colcon.colcon_core.package_identification:_identify(my_first_pkg) by extension 'ros'
[0.132s] DEBUG:colcon.colcon_core.package_identification:Package 'my_first_pkg' with type 'ros.ament_cmake' and name 'my_first_pkg'
[0.132s] Level 1:colcon.colcon_core.package_identification:_identify(src) by extensions ['ignore', 'ignore_ament_install']
[0.132s] Level 1:colcon.colcon_core.package_identification:_identify(src) by extension 'ignore'
[0.132s] Level 1:colcon.colcon_core.package_identification:_identify(src) by extension 'ignore_ament_install'
[0.132s] Level 1:colcon.colcon_core.package_identification:_identify(src) by extensions ['colcon_pkg']
[0.132s] Level 1:colcon.colcon_core.package_identification:_identify(src) by extension 'colcon_pkg'
[0.132s] Level 1:colcon.colcon_core.package_identification:_identify(src) by extensions ['colcon_meta']
[0.133s] Level 1:colcon.colcon_core.package_identification:_identify(src) by extension 'colcon_meta'
[0.133s] Level 1:colcon.colcon_core.package_identification:_identify(src) by extensions ['ros']
[0.133s] Level 1:colcon.colcon_core.package_identification:_identify(src) by extension 'ros'
[0.133s] Level 1:colcon.colcon_core.package_identification:_identify(src) by extensions ['cmake', 'python']
[0.133s] Level 1:colcon.colcon_core.package_identification:_identify(src) by extension 'cmake'
[0.133s] Level 1:colcon.colcon_core.package_identification:_identify(src) by extension 'python'
[0.133s] Level 1:colcon.colcon_core.package_identification:_identify(src) by extensions ['python_setup_py']
[0.133s] Level 1:colcon.colcon_core.package_identification:_identify(src) by extension 'python_setup_py'
[0.133s] Level 1:colcon.colcon_core.package_identification:_identify(src/my_interfaces) by extensions ['ignore', 'ignore_ament_install']
[0.133s] Level 1:colcon.colcon_core.package_identification:_identify(src/my_interfaces) by extension 'ignore'
[0.133s] Level 1:colcon.colcon_core.package_identification:_identify(src/my_interfaces) by extension 'ignore_ament_install'
[0.133s] Level 1:colcon.colcon_core.package_identification:_identify(src/my_interfaces) by extensions ['colcon_pkg']
[0.133s] Level 1:colcon.colcon_core.package_identification:_identify(src/my_interfaces) by extension 'colcon_pkg'
[0.133s] Level 1:colcon.colcon_core.package_identification:_identify(src/my_interfaces) by extensions ['colcon_meta']
[0.133s] Level 1:colcon.colcon_core.package_identification:_identify(src/my_interfaces) by extension 'colcon_meta'
[0.133s] Level 1:colcon.colcon_core.package_identification:_identify(src/my_interfaces) by extensions ['ros']
[0.133s] Level 1:colcon.colcon_core.package_identification:_identify(src/my_interfaces) by extension 'ros'
[0.133s] DEBUG:colcon.colcon_core.package_identification:Package 'src/my_interfaces' with type 'ros.ament_cmake' and name 'my_interfaces'
[0.133s] Level 1:colcon.colcon_core.package_discovery:discover_packages(recursive) using defaults
[0.133s] Level 1:colcon.colcon_core.package_discovery:discover_packages(ignore) discover
[0.133s] Level 1:colcon.colcon_core.package_discovery:discover_packages(ignore) using defaults
[0.133s] Level 1:colcon.colcon_core.package_discovery:discover_packages(path) discover
[0.133s] Level 1:colcon.colcon_core.package_discovery:discover_packages(path) using defaults
[0.148s] Level 1:colcon.colcon_core.package_discovery:discover_packages(prefix_path) check parameters
[0.148s] Level 1:colcon.colcon_core.package_discovery:discover_packages(prefix_path) discover
[0.149s] DEBUG:colcon.colcon_installed_package_information.package_discovery:Found 10 installed packages in /home/yang/turtlebot3_ws/install
[0.150s] DEBUG:colcon.colcon_installed_package_information.package_discovery:Found 442 installed packages in /opt/ros/humble
[0.151s] Level 1:colcon.colcon_core.package_discovery:discover_packages(prefix_path) using defaults
[0.175s] Level 5:colcon.colcon_core.verb:set package 'my_first_pkg' build argument 'cmake_args' from command line to '['-DCMAKE_EXPORT_COMPILE_COMMANDS=ON']'
[0.175s] Level 5:colcon.colcon_core.verb:set package 'my_first_pkg' build argument 'cmake_target' from command line to 'None'
[0.175s] Level 5:colcon.colcon_core.verb:set package 'my_first_pkg' build argument 'cmake_target_skip_unavailable' from command line to 'False'
[0.175s] Level 5:colcon.colcon_core.verb:set package 'my_first_pkg' build argument 'cmake_clean_cache' from command line to 'False'
[0.175s] Level 5:colcon.colcon_core.verb:set package 'my_first_pkg' build argument 'cmake_clean_first' from command line to 'False'
[0.175s] Level 5:colcon.colcon_core.verb:set package 'my_first_pkg' build argument 'cmake_force_configure' from command line to 'False'
[0.175s] Level 5:colcon.colcon_core.verb:set package 'my_first_pkg' build argument 'ament_cmake_args' from command line to 'None'
[0.175s] Level 5:colcon.colcon_core.verb:set package 'my_first_pkg' build argument 'catkin_cmake_args' from command line to 'None'
[0.175s] Level 5:colcon.colcon_core.verb:set package 'my_first_pkg' build argument 'catkin_skip_building_tests' from command line to 'False'
[0.175s] DEBUG:colcon.colcon_core.verb:Building package 'my_first_pkg' with the following arguments: {'ament_cmake_args': None, 'build_base': '/home/yang/Desktop/proj/ros0/build/my_first_pkg', 'catkin_cmake_args': None, 'catkin_skip_building_tests': False, 'cmake_args': ['-DCMAKE_EXPORT_COMPILE_COMMANDS=ON'], 'cmake_clean_cache': False, 'cmake_clean_first': False, 'cmake_force_configure': False, 'cmake_target': None, 'cmake_target_skip_unavailable': False, 'install_base': '/home/yang/Desktop/proj/ros0/install/my_first_pkg', 'merge_install': False, 'path': '/home/yang/Desktop/proj/ros0/my_first_pkg', 'symlink_install': False, 'test_result_base': None}
[0.175s] Level 5:colcon.colcon_core.verb:set package 'my_interfaces' build argument 'cmake_args' from command line to '['-DCMAKE_EXPORT_COMPILE_COMMANDS=ON']'
[0.175s] Level 5:colcon.colcon_core.verb:set package 'my_interfaces' build argument 'cmake_target' from command line to 'None'
[0.175s] Level 5:colcon.colcon_core.verb:set package 'my_interfaces' build argument 'cmake_target_skip_unavailable' from command line to 'False'
[0.175s] Level 5:colcon.colcon_core.verb:set package 'my_interfaces' build argument 'cmake_clean_cache' from command line to 'False'
[0.175s] Level 5:colcon.colcon_core.verb:set package 'my_interfaces' build argument 'cmake_clean_first' from command line to 'False'
[0.175s] Level 5:colcon.colcon_core.verb:set package 'my_interfaces' build argument 'cmake_force_configure' from command line to 'False'
[0.175s] Level 5:colcon.colcon_core.verb:set package 'my_interfaces' build argument 'ament_cmake_args' from command line to 'None'
[0.175s] Level 5:colcon.colcon_core.verb:set package 'my_interfaces' build argument 'catkin_cmake_args' from command line to 'None'
[0.175s] Level 5:colcon.colcon_core.verb:set package 'my_interfaces' build argument 'catkin_skip_building_tests' from command line to 'False'
[0.175s] DEBUG:colcon.colcon_core.verb:Building package 'my_interfaces' with the following arguments: {'ament_cmake_args': None, 'build_base': '/home/yang/Desktop/proj/ros0/build/my_interfaces', 'catkin_cmake_args': None, 'catkin_skip_building_tests': False, 'cmake_args': ['-DCMAKE_EXPORT_COMPILE_COMMANDS=ON'], 'cmake_clean_cache': False, 'cmake_clean_first': False, 'cmake_force_configure': False, 'cmake_target': None, 'cmake_target_skip_unavailable': False, 'install_base': '/home/yang/Desktop/proj/ros0/install/my_interfaces', 'merge_install': False, 'path': '/home/yang/Desktop/proj/ros0/src/my_interfaces', 'symlink_install': False, 'test_result_base': None}
[0.175s] INFO:colcon.colcon_core.executor:Executing jobs using 'parallel' executor
[0.176s] DEBUG:colcon.colcon_parallel_executor.executor.parallel:run_until_complete
[0.176s] INFO:colcon.colcon_ros.task.ament_cmake.build:Building ROS package in '/home/yang/Desktop/proj/ros0/my_first_pkg' with build type 'ament_cmake'
[0.176s] INFO:colcon.colcon_cmake.task.cmake.build:Building CMake package in '/home/yang/Desktop/proj/ros0/my_first_pkg'
[0.177s] INFO:colcon.colcon_core.plugin_system:Skipping extension 'colcon_core.shell.bat': Not used on non-Windows systems
[0.177s] INFO:colcon.colcon_core.shell:Skip shell extension 'powershell' for command environment: Not usable outside of PowerShell
[0.177s] DEBUG:colcon.colcon_core.shell:Skip shell extension 'dsv' for command environment
[0.179s] INFO:colcon.colcon_ros.task.ament_cmake.build:Building ROS package in '/home/yang/Desktop/proj/ros0/src/my_interfaces' with build type 'ament_cmake'
[0.179s] INFO:colcon.colcon_cmake.task.cmake.build:Building CMake package in '/home/yang/Desktop/proj/ros0/src/my_interfaces'
[0.179s] INFO:colcon.colcon_core.shell:Skip shell extension 'powershell' for command environment: Not usable outside of PowerShell
[0.179s] DEBUG:colcon.colcon_core.shell:Skip shell extension 'dsv' for command environment
[0.188s] DEBUG:colcon.colcon_core.event_handler.log_command:Invoking command in '/home/yang/Desktop/proj/ros0/build/my_first_pkg': CMAKE_PREFIX_PATH=${CMAKE_PREFIX_PATH}:/home/yang/turtlebot3_ws/install/nav2_simple_commander:/opt/ros/humble /usr/bin/cmake --build /home/yang/Desktop/proj/ros0/build/my_first_pkg -- -j12 -l12
[0.190s] DEBUG:colcon.colcon_core.event_handler.log_command:Invoking command in '/home/yang/Desktop/proj/ros0/build/my_interfaces': CMAKE_PREFIX_PATH=${CMAKE_PREFIX_PATH}:/home/yang/turtlebot3_ws/install/nav2_simple_commander:/opt/ros/humble /usr/bin/cmake --build /home/yang/Desktop/proj/ros0/build/my_interfaces -- -j12 -l12
[0.332s] DEBUG:colcon.colcon_core.event_handler.log_command:Invoked command in '/home/yang/Desktop/proj/ros0/build/my_interfaces' returned '0': CMAKE_PREFIX_PATH=${CMAKE_PREFIX_PATH}:/home/yang/turtlebot3_ws/install/nav2_simple_commander:/opt/ros/humble /usr/bin/cmake --build /home/yang/Desktop/proj/ros0/build/my_interfaces -- -j12 -l12
[0.336s] DEBUG:colcon.colcon_core.event_handler.log_command:Invoking command in '/home/yang/Desktop/proj/ros0/build/my_interfaces': CMAKE_PREFIX_PATH=${CMAKE_PREFIX_PATH}:/home/yang/turtlebot3_ws/install/nav2_simple_commander:/opt/ros/humble /usr/bin/cmake --install /home/yang/Desktop/proj/ros0/build/my_interfaces
[0.359s] Level 1:colcon.colcon_core.environment:create_environment_scripts_only(my_interfaces)
[0.359s] DEBUG:colcon.colcon_core.event_handler.log_command:Invoked command in '/home/yang/Desktop/proj/ros0/build/my_interfaces' returned '0': CMAKE_PREFIX_PATH=${CMAKE_PREFIX_PATH}:/home/yang/turtlebot3_ws/install/nav2_simple_commander:/opt/ros/humble /usr/bin/cmake --install /home/yang/Desktop/proj/ros0/build/my_interfaces
[0.360s] Level 1:colcon.colcon_core.environment:checking '/home/yang/Desktop/proj/ros0/install/my_interfaces' for CMake module files
[0.360s] Level 1:colcon.colcon_core.environment:checking '/home/yang/Desktop/proj/ros0/install/my_interfaces' for CMake config files
[0.360s] Level 1:colcon.colcon_core.shell:create_environment_hook('my_interfaces', 'cmake_prefix_path')
[0.360s] INFO:colcon.colcon_core.shell:Creating environment hook '/home/yang/Desktop/proj/ros0/install/my_interfaces/share/my_interfaces/hook/cmake_prefix_path.ps1'
[0.361s] INFO:colcon.colcon_core.shell:Creating environment descriptor '/home/yang/Desktop/proj/ros0/install/my_interfaces/share/my_interfaces/hook/cmake_prefix_path.dsv'
[0.361s] INFO:colcon.colcon_core.shell:Creating environment hook '/home/yang/Desktop/proj/ros0/install/my_interfaces/share/my_interfaces/hook/cmake_prefix_path.sh'
[0.361s] Level 1:colcon.colcon_core.environment:checking '/home/yang/Desktop/proj/ros0/install/my_interfaces/lib'
[0.361s] Level 1:colcon.colcon_core.shell:create_environment_hook('my_interfaces', 'ld_library_path_lib')
[0.361s] INFO:colcon.colcon_core.shell:Creating environment hook '/home/yang/Desktop/proj/ros0/install/my_interfaces/share/my_interfaces/hook/ld_library_path_lib.ps1'
[0.361s] INFO:colcon.colcon_core.shell:Creating environment descriptor '/home/yang/Desktop/proj/ros0/install/my_interfaces/share/my_interfaces/hook/ld_library_path_lib.dsv'
[0.362s] INFO:colcon.colcon_core.shell:Creating environment hook '/home/yang/Desktop/proj/ros0/install/my_interfaces/share/my_interfaces/hook/ld_library_path_lib.sh'
[0.362s] Level 1:colcon.colcon_core.environment:checking '/home/yang/Desktop/proj/ros0/install/my_interfaces/bin'
[0.362s] Level 1:colcon.colcon_core.environment:checking '/home/yang/Desktop/proj/ros0/install/my_interfaces/lib/pkgconfig/my_interfaces.pc'
[0.362s] Level 1:colcon.colcon_core.environment:checking '/home/yang/Desktop/proj/ros0/install/my_interfaces/lib/python3.10/site-packages'
[0.362s] Level 1:colcon.colcon_core.environment:checking '/home/yang/Desktop/proj/ros0/install/my_interfaces/bin'
[0.362s] INFO:colcon.colcon_core.shell:Creating package script '/home/yang/Desktop/proj/ros0/install/my_interfaces/share/my_interfaces/package.ps1'
[0.362s] INFO:colcon.colcon_core.shell:Creating package descriptor '/home/yang/Desktop/proj/ros0/install/my_interfaces/share/my_interfaces/package.dsv'
[0.363s] INFO:colcon.colcon_core.shell:Creating package script '/home/yang/Desktop/proj/ros0/install/my_interfaces/share/my_interfaces/package.sh'
[0.363s] INFO:colcon.colcon_core.shell:Creating package script '/home/yang/Desktop/proj/ros0/install/my_interfaces/share/my_interfaces/package.bash'
[0.363s] INFO:colcon.colcon_core.shell:Creating package script '/home/yang/Desktop/proj/ros0/install/my_interfaces/share/my_interfaces/package.zsh'
[0.363s] Level 1:colcon.colcon_core.environment:create_file_with_runtime_dependencies(/home/yang/Desktop/proj/ros0/install/my_interfaces/share/colcon-core/packages/my_interfaces)
[0.364s] Level 1:colcon.colcon_core.environment:create_environment_scripts_only(my_interfaces)
[0.364s] Level 1:colcon.colcon_core.environment:checking '/home/yang/Desktop/proj/ros0/install/my_interfaces' for CMake module files
[0.364s] Level 1:colcon.colcon_core.environment:checking '/home/yang/Desktop/proj/ros0/install/my_interfaces' for CMake config files
[0.364s] Level 1:colcon.colcon_core.shell:create_environment_hook('my_interfaces', 'cmake_prefix_path')
[0.364s] INFO:colcon.colcon_core.shell:Creating environment hook '/home/yang/Desktop/proj/ros0/install/my_interfaces/share/my_interfaces/hook/cmake_prefix_path.ps1'
[0.364s] INFO:colcon.colcon_core.shell:Creating environment descriptor '/home/yang/Desktop/proj/ros0/install/my_interfaces/share/my_interfaces/hook/cmake_prefix_path.dsv'
[0.364s] INFO:colcon.colcon_core.shell:Creating environment hook '/home/yang/Desktop/proj/ros0/install/my_interfaces/share/my_interfaces/hook/cmake_prefix_path.sh'
[0.364s] Level 1:colcon.colcon_core.environment:checking '/home/yang/Desktop/proj/ros0/install/my_interfaces/lib'
[0.364s] Level 1:colcon.colcon_core.shell:create_environment_hook('my_interfaces', 'ld_library_path_lib')
[0.365s] INFO:colcon.colcon_core.shell:Creating environment hook '/home/yang/Desktop/proj/ros0/install/my_interfaces/share/my_interfaces/hook/ld_library_path_lib.ps1'
[0.365s] INFO:colcon.colcon_core.shell:Creating environment descriptor '/home/yang/Desktop/proj/ros0/install/my_interfaces/share/my_interfaces/hook/ld_library_path_lib.dsv'
[0.365s] INFO:colcon.colcon_core.shell:Creating environment hook '/home/yang/Desktop/proj/ros0/install/my_interfaces/share/my_interfaces/hook/ld_library_path_lib.sh'
[0.365s] Level 1:colcon.colcon_core.environment:checking '/home/yang/Desktop/proj/ros0/install/my_interfaces/bin'
[0.365s] Level 1:colcon.colcon_core.environment:checking '/home/yang/Desktop/proj/ros0/install/my_interfaces/lib/pkgconfig/my_interfaces.pc'
[0.365s] Level 1:colcon.colcon_core.environment:checking '/home/yang/Desktop/proj/ros0/install/my_interfaces/lib/python3.10/site-packages'
[0.365s] Level 1:colcon.colcon_core.environment:checking '/home/yang/Desktop/proj/ros0/install/my_interfaces/bin'
[0.365s] INFO:colcon.colcon_core.shell:Creating package script '/home/yang/Desktop/proj/ros0/install/my_interfaces/share/my_interfaces/package.ps1'
[0.366s] INFO:colcon.colcon_core.shell:Creating package descriptor '/home/yang/Desktop/proj/ros0/install/my_interfaces/share/my_interfaces/package.dsv'
[0.366s] INFO:colcon.colcon_core.shell:Creating package script '/home/yang/Desktop/proj/ros0/install/my_interfaces/share/my_interfaces/package.sh'
[0.366s] INFO:colcon.colcon_core.shell:Creating package script '/home/yang/Desktop/proj/ros0/install/my_interfaces/share/my_interfaces/package.bash'
[0.366s] INFO:colcon.colcon_core.shell:Creating package script '/home/yang/Desktop/proj/ros0/install/my_interfaces/share/my_interfaces/package.zsh'
[0.366s] Level 1:colcon.colcon_core.environment:create_file_with_runtime_dependencies(/home/yang/Desktop/proj/ros0/install/my_interfaces/share/colcon-core/packages/my_interfaces)
[4.305s] DEBUG:colcon.colcon_core.event_handler.log_command:Invoked command in '/home/yang/Desktop/proj/ros0/build/my_first_pkg' returned '0': CMAKE_PREFIX_PATH=${CMAKE_PREFIX_PATH}:/home/yang/turtlebot3_ws/install/nav2_simple_commander:/opt/ros/humble /usr/bin/cmake --build /home/yang/Desktop/proj/ros0/build/my_first_pkg -- -j12 -l12
[4.305s] DEBUG:colcon.colcon_core.event_handler.log_command:Invoking command in '/home/yang/Desktop/proj/ros0/build/my_first_pkg': CMAKE_PREFIX_PATH=${CMAKE_PREFIX_PATH}:/home/yang/turtlebot3_ws/install/nav2_simple_commander:/opt/ros/humble /usr/bin/cmake --install /home/yang/Desktop/proj/ros0/build/my_first_pkg
[4.311s] Level 1:colcon.colcon_core.environment:create_environment_scripts_only(my_first_pkg)
[4.311s] Level 1:colcon.colcon_core.environment:checking '/home/yang/Desktop/proj/ros0/install/my_first_pkg' for CMake module files
[4.311s] DEBUG:colcon.colcon_core.event_handler.log_command:Invoked command in '/home/yang/Desktop/proj/ros0/build/my_first_pkg' returned '0': CMAKE_PREFIX_PATH=${CMAKE_PREFIX_PATH}:/home/yang/turtlebot3_ws/install/nav2_simple_commander:/opt/ros/humble /usr/bin/cmake --install /home/yang/Desktop/proj/ros0/build/my_first_pkg
[4.311s] Level 1:colcon.colcon_core.environment:checking '/home/yang/Desktop/proj/ros0/install/my_first_pkg' for CMake config files
[4.311s] Level 1:colcon.colcon_core.shell:create_environment_hook('my_first_pkg', 'cmake_prefix_path')
[4.311s] INFO:colcon.colcon_core.shell:Creating environment hook '/home/yang/Desktop/proj/ros0/install/my_first_pkg/share/my_first_pkg/hook/cmake_prefix_path.ps1'
[4.312s] INFO:colcon.colcon_core.shell:Creating environment descriptor '/home/yang/Desktop/proj/ros0/install/my_first_pkg/share/my_first_pkg/hook/cmake_prefix_path.dsv'
[4.312s] INFO:colcon.colcon_core.shell:Creating environment hook '/home/yang/Desktop/proj/ros0/install/my_first_pkg/share/my_first_pkg/hook/cmake_prefix_path.sh'
[4.312s] Level 1:colcon.colcon_core.environment:checking '/home/yang/Desktop/proj/ros0/install/my_first_pkg/lib'
[4.312s] Level 1:colcon.colcon_core.environment:checking '/home/yang/Desktop/proj/ros0/install/my_first_pkg/bin'
[4.312s] Level 1:colcon.colcon_core.environment:checking '/home/yang/Desktop/proj/ros0/install/my_first_pkg/lib/pkgconfig/my_first_pkg.pc'
[4.312s] Level 1:colcon.colcon_core.environment:checking '/home/yang/Desktop/proj/ros0/install/my_first_pkg/lib/python3.10/site-packages'
[4.312s] Level 1:colcon.colcon_core.environment:checking '/home/yang/Desktop/proj/ros0/install/my_first_pkg/bin'
[4.312s] INFO:colcon.colcon_core.shell:Creating package script '/home/yang/Desktop/proj/ros0/install/my_first_pkg/share/my_first_pkg/package.ps1'
[4.313s] INFO:colcon.colcon_core.shell:Creating package descriptor '/home/yang/Desktop/proj/ros0/install/my_first_pkg/share/my_first_pkg/package.dsv'
[4.313s] INFO:colcon.colcon_core.shell:Creating package script '/home/yang/Desktop/proj/ros0/install/my_first_pkg/share/my_first_pkg/package.sh'
[4.313s] INFO:colcon.colcon_core.shell:Creating package script '/home/yang/Desktop/proj/ros0/install/my_first_pkg/share/my_first_pkg/package.bash'
[4.313s] INFO:colcon.colcon_core.shell:Creating package script '/home/yang/Desktop/proj/ros0/install/my_first_pkg/share/my_first_pkg/package.zsh'
[4.313s] Level 1:colcon.colcon_core.environment:create_file_with_runtime_dependencies(/home/yang/Desktop/proj/ros0/install/my_first_pkg/share/colcon-core/packages/my_first_pkg)
[4.313s] Level 1:colcon.colcon_core.environment:create_environment_scripts_only(my_first_pkg)
[4.313s] Level 1:colcon.colcon_core.environment:checking '/home/yang/Desktop/proj/ros0/install/my_first_pkg' for CMake module files
[4.314s] Level 1:colcon.colcon_core.environment:checking '/home/yang/Desktop/proj/ros0/install/my_first_pkg' for CMake config files
[4.314s] Level 1:colcon.colcon_core.shell:create_environment_hook('my_first_pkg', 'cmake_prefix_path')
[4.314s] INFO:colcon.colcon_core.shell:Creating environment hook '/home/yang/Desktop/proj/ros0/install/my_first_pkg/share/my_first_pkg/hook/cmake_prefix_path.ps1'
[4.314s] INFO:colcon.colcon_core.shell:Creating environment descriptor '/home/yang/Desktop/proj/ros0/install/my_first_pkg/share/my_first_pkg/hook/cmake_prefix_path.dsv'
[4.314s] INFO:colcon.colcon_core.shell:Creating environment hook '/home/yang/Desktop/proj/ros0/install/my_first_pkg/share/my_first_pkg/hook/cmake_prefix_path.sh'
[4.314s] Level 1:colcon.colcon_core.environment:checking '/home/yang/Desktop/proj/ros0/install/my_first_pkg/lib'
[4.314s] Level 1:colcon.colcon_core.environment:checking '/home/yang/Desktop/proj/ros0/install/my_first_pkg/bin'
[4.314s] Level 1:colcon.colcon_core.environment:checking '/home/yang/Desktop/proj/ros0/install/my_first_pkg/lib/pkgconfig/my_first_pkg.pc'
[4.314s] Level 1:colcon.colcon_core.environment:checking '/home/yang/Desktop/proj/ros0/install/my_first_pkg/lib/python3.10/site-packages'
[4.314s] Level 1:colcon.colcon_core.environment:checking '/home/yang/Desktop/proj/ros0/install/my_first_pkg/bin'
[4.315s] INFO:colcon.colcon_core.shell:Creating package script '/home/yang/Desktop/proj/ros0/install/my_first_pkg/share/my_first_pkg/package.ps1'
[4.315s] INFO:colcon.colcon_core.shell:Creating package descriptor '/home/yang/Desktop/proj/ros0/install/my_first_pkg/share/my_first_pkg/package.dsv'
[4.315s] INFO:colcon.colcon_core.shell:Creating package script '/home/yang/Desktop/proj/ros0/install/my_first_pkg/share/my_first_pkg/package.sh'
[4.315s] INFO:colcon.colcon_core.shell:Creating package script '/home/yang/Desktop/proj/ros0/install/my_first_pkg/share/my_first_pkg/package.bash'
[4.315s] INFO:colcon.colcon_core.shell:Creating package script '/home/yang/Desktop/proj/ros0/install/my_first_pkg/share/my_first_pkg/package.zsh'
[4.315s] Level 1:colcon.colcon_core.environment:create_file_with_runtime_dependencies(/home/yang/Desktop/proj/ros0/install/my_first_pkg/share/colcon-core/packages/my_first_pkg)
[4.315s] DEBUG:colcon.colcon_parallel_executor.executor.parallel:closing loop
[4.316s] DEBUG:colcon.colcon_parallel_executor.executor.parallel:loop closed
[4.316s] DEBUG:colcon.colcon_parallel_executor.executor.parallel:run_until_complete finished with '0'
[4.316s] DEBUG:colcon.colcon_core.event_reactor:joining thread
[4.318s] INFO:colcon.colcon_core.plugin_system:Skipping extension 'colcon_notification.desktop_notification.terminal_notifier': Not used on non-Darwin systems
[4.318s] INFO:colcon.colcon_core.plugin_system:Skipping extension 'colcon_notification.desktop_notification.win32': Not used on non-Windows systems
[4.318s] INFO:colcon.colcon_notification.desktop_notification:Sending desktop notification using 'notify2'
[4.325s] DEBUG:colcon.colcon_core.event_reactor:joined thread
[4.325s] INFO:colcon.colcon_core.shell:Creating prefix script '/home/yang/Desktop/proj/ros0/install/local_setup.ps1'
[4.325s] INFO:colcon.colcon_core.shell:Creating prefix util module '/home/yang/Desktop/proj/ros0/install/_local_setup_util_ps1.py'
[4.326s] INFO:colcon.colcon_core.shell:Creating prefix chain script '/home/yang/Desktop/proj/ros0/install/setup.ps1'
[4.326s] INFO:colcon.colcon_core.shell:Creating prefix script '/home/yang/Desktop/proj/ros0/install/local_setup.sh'
[4.327s] INFO:colcon.colcon_core.shell:Creating prefix util module '/home/yang/Desktop/proj/ros0/install/_local_setup_util_sh.py'
[4.327s] INFO:colcon.colcon_core.shell:Creating prefix chain script '/home/yang/Desktop/proj/ros0/install/setup.sh'
[4.327s] INFO:colcon.colcon_core.shell:Creating prefix script '/home/yang/Desktop/proj/ros0/install/local_setup.bash'
[4.327s] INFO:colcon.colcon_core.shell:Creating prefix chain script '/home/yang/Desktop/proj/ros0/install/setup.bash'
[4.328s] INFO:colcon.colcon_core.shell:Creating prefix script '/home/yang/Desktop/proj/ros0/install/local_setup.zsh'
[4.328s] INFO:colcon.colcon_core.shell:Creating prefix chain script '/home/yang/Desktop/proj/ros0/install/setup.zsh'
