[0.012s] Invoking command in '/home/yang/Desktop/ros-pr0/build/my_first_pkg': CMAKE_PREFIX_PATH=${CMAKE_PREFIX_PATH}:/opt/ros/humble /usr/bin/cmake /home/yang/Desktop/ros-pr0/my_first_pkg -DCMAKE_INSTALL_PREFIX=/home/yang/Desktop/ros-pr0/install/my_first_pkg
[0.330s] -- The C compiler identification is GNU 11.4.0
[0.488s] -- The CXX compiler identification is GNU 11.4.0
[0.505s] -- Detecting C compiler ABI info
[0.592s] -- Detecting C compiler ABI info - done
[0.600s] -- Check for working C compiler: /usr/bin/cc - skipped
[0.600s] -- Detecting C compile features
[0.601s] -- Detecting C compile features - done
[0.606s] -- Detecting CXX compiler ABI info
[0.701s] -- Detecting CXX compiler ABI info - done
[0.711s] -- Check for working CXX compiler: /usr/bin/c++ - skipped
[0.711s] -- Detecting CXX compile features
[0.712s] -- Detecting CXX compile features - done
[0.739s] -- Found ament_cmake: 1.3.13 (/opt/ros/humble/share/ament_cmake/cmake)
[0.915s] -- Found Python3: /usr/bin/python3 (found version "3.10.12") found components: Interpreter 
[1.046s] -- Found rclcpp: 16.0.18 (/opt/ros/humble/share/rclcpp/cmake)
[1.127s] -- Found rosidl_generator_c: 3.1.8 (/opt/ros/humble/share/rosidl_generator_c/cmake)
[1.136s] -- Found rosidl_adapter: 3.1.8 (/opt/ros/humble/share/rosidl_adapter/cmake)
[1.150s] -- Found rosidl_generator_cpp: 3.1.8 (/opt/ros/humble/share/rosidl_generator_cpp/cmake)
[1.176s] -- Using all available rosidl_typesupport_c: rosidl_typesupport_fastrtps_c;rosidl_typesupport_introspection_c
[1.202s] -- Using all available rosidl_typesupport_cpp: rosidl_typesupport_fastrtps_cpp;rosidl_typesupport_introspection_cpp
[1.283s] -- Found rmw_implementation_cmake: 6.1.2 (/opt/ros/humble/share/rmw_implementation_cmake/cmake)
[1.287s] -- Found rmw_fastrtps_cpp: 6.2.10 (/opt/ros/humble/share/rmw_fastrtps_cpp/cmake)
[1.419s] -- Found OpenSSL: /usr/lib/x86_64-linux-gnu/libcrypto.so (found version "3.0.2")  
[1.452s] -- Found FastRTPS: /opt/ros/humble/include  
[1.496s] -- Using RMW implementation 'rmw_fastrtps_cpp' as default
[1.512s] -- Looking for pthread.h
[1.610s] -- Looking for pthread.h - found
[1.611s] -- Performing Test CMAKE_HAVE_LIBC_PTHREAD
[1.694s] -- Performing Test CMAKE_HAVE_LIBC_PTHREAD - Success
[1.695s] -- Found Threads: TRUE  
[1.793s] -- Found geometry_msgs: 4.9.1 (/opt/ros/humble/share/geometry_msgs/cmake)
[1.815s] -- Found visualization_msgs: 4.9.1 (/opt/ros/humble/share/visualization_msgs/cmake)
[1.899s] [31mCMake Error at CMakeLists.txt:15 (find_package):
[1.899s]   By not providing "Findsensor_msg.cmake" in CMAKE_MODULE_PATH this project
[1.899s]   has asked CMake to find a package configuration file provided by
[1.899s]   "sensor_msg", but CMake did not find one.
[1.899s] 
[1.899s]   Could not find a package configuration file provided by "sensor_msg" with
[1.899s]   any of the following names:
[1.899s] 
[1.900s]     sensor_msgConfig.cmake
[1.900s]     sensor_msg-config.cmake
[1.900s] 
[1.900s]   Add the installation prefix of "sensor_msg" to CMAKE_PREFIX_PATH or set
[1.900s]   "sensor_msg_DIR" to a directory containing one of the above files.  If
[1.900s]   "sensor_msg" provides a separate development package or SDK, be sure it has
[1.900s]   been installed.
[1.900s] 
[1.900s] [0m
[1.901s] -- Configuring incomplete, errors occurred!
[1.901s] See also "/home/yang/Desktop/ros-pr0/build/my_first_pkg/CMakeFiles/CMakeOutput.log".
[1.911s] Invoked command in '/home/yang/Desktop/ros-pr0/build/my_first_pkg' returned '1': CMAKE_PREFIX_PATH=${CMAKE_PREFIX_PATH}:/opt/ros/humble /usr/bin/cmake /home/yang/Desktop/ros-pr0/my_first_pkg -DCMAKE_INSTALL_PREFIX=/home/yang/Desktop/ros-pr0/install/my_first_pkg
