[0.012s] Invoking command in '/home/yang/Desktop/ros-pr0/build/my_interfaces': CMAKE_PREFIX_PATH=${CMAKE_PREFIX_PATH}:/opt/ros/humble /usr/bin/cmake /home/yang/Desktop/ros-pr0/src/my_interfaces -DCMAKE_INSTALL_PREFIX=/home/yang/Desktop/ros-pr0/install/my_interfaces
[0.073s] -- The C compiler identification is GNU 11.4.0
[0.138s] -- The CXX compiler identification is GNU 11.4.0
[0.146s] -- Detecting C compiler ABI info
[0.237s] -- Detecting C compiler ABI info - done
[0.248s] -- Check for working C compiler: /usr/bin/cc - skipped
[0.248s] -- Detecting C compile features
[0.249s] -- Detecting C compile features - done
[0.254s] -- Detecting CXX compiler ABI info
[0.345s] -- Detecting CXX compiler ABI info - done
[0.356s] -- Check for working CXX compiler: /usr/bin/c++ - skipped
[0.356s] -- Detecting CXX compile features
[0.356s] -- Detecting CXX compile features - done
[0.359s] -- Found ament_cmake: 1.3.13 (/opt/ros/humble/share/ament_cmake/cmake)
[0.523s] -- Found Python3: /usr/bin/python3 (found version "3.10.12") found components: Interpreter 
[0.617s] -- Found ament_lint_auto: 0.12.15 (/opt/ros/humble/share/ament_lint_auto/cmake)
[0.703s] -- Found rosidl_default_generators: 1.2.0 (/opt/ros/humble/share/rosidl_default_generators/cmake)
[0.707s] -- Using all available rosidl_typesupport_c: rosidl_typesupport_fastrtps_c;rosidl_typesupport_introspection_c
[0.713s] -- Found rosidl_adapter: 3.1.8 (/opt/ros/humble/share/rosidl_adapter/cmake)
[0.758s] -- Using all available rosidl_typesupport_cpp: rosidl_typesupport_fastrtps_cpp;rosidl_typesupport_introspection_cpp
[1.008s] -- Found ament_cmake_ros: 0.10.0 (/opt/ros/humble/share/ament_cmake_ros/cmake)
[1.222s] -- Using all available rosidl_typesupport_c: rosidl_typesupport_fastrtps_c;rosidl_typesupport_introspection_c
[1.500s] -- Using all available rosidl_typesupport_cpp: rosidl_typesupport_fastrtps_cpp;rosidl_typesupport_introspection_cpp
[1.529s] -- Found PythonInterp: /usr/bin/python3 (found suitable version "3.10.12", minimum required is "3.6") 
[1.531s] -- Found python_cmake_module: 0.10.0 (/opt/ros/humble/share/python_cmake_module/cmake)
[1.563s] -- Found PythonLibs: /usr/lib/x86_64-linux-gnu/libpython3.10.so (found suitable version "3.10.12", minimum required is "3.5") 
[1.563s] -- Using PYTHON_EXECUTABLE: /usr/bin/python3
[1.563s] -- Using PYTHON_INCLUDE_DIRS: /usr/include/python3.10
[1.564s] -- Using PYTHON_LIBRARIES: /usr/lib/x86_64-linux-gnu/libpython3.10.so
[1.587s] -- Found PythonExtra: .so  
[1.631s] -- Added test 'lint_cmake' to check CMake code style
[1.633s] -- Added test 'xmllint' to check XML markup files
[1.646s] -- Configuring done
[1.679s] -- Generating done
[1.691s] -- Build files have been written to: /home/yang/Desktop/ros-pr0/build/my_interfaces
[1.699s] Invoked command in '/home/yang/Desktop/ros-pr0/build/my_interfaces' returned '0': CMAKE_PREFIX_PATH=${CMAKE_PREFIX_PATH}:/opt/ros/humble /usr/bin/cmake /home/yang/Desktop/ros-pr0/src/my_interfaces -DCMAKE_INSTALL_PREFIX=/home/yang/Desktop/ros-pr0/install/my_interfaces
[1.701s] Invoking command in '/home/yang/Desktop/ros-pr0/build/my_interfaces': CMAKE_PREFIX_PATH=${CMAKE_PREFIX_PATH}:/opt/ros/humble /usr/bin/cmake --build /home/yang/Desktop/ros-pr0/build/my_interfaces -- -j4 -l4
[1.749s] [  3%] [34m[1mGenerating C code for ROS interfaces[0m
[1.765s] [  6%] [34m[1mGenerating C++ code for ROS interfaces[0m
[1.770s] [  6%] Built target ament_cmake_python_copy_my_interfaces
[2.135s] [  9%] [32mBuilding C object CMakeFiles/my_interfaces__rosidl_generator_c.dir/rosidl_generator_c/my_interfaces/msg/detail/sensor__functions.c.o[0m
[2.161s] running egg_info
[2.162s] creating my_interfaces.egg-info
[2.162s] writing my_interfaces.egg-info/PKG-INFO
[2.162s] writing dependency_links to my_interfaces.egg-info/dependency_links.txt
[2.162s] writing top-level names to my_interfaces.egg-info/top_level.txt
[2.163s] writing manifest file 'my_interfaces.egg-info/SOURCES.txt'
[2.170s] reading manifest file 'my_interfaces.egg-info/SOURCES.txt'
[2.171s] writing manifest file 'my_interfaces.egg-info/SOURCES.txt'
[2.208s] [  9%] Built target ament_cmake_python_build_my_interfaces_egg
[2.230s] [ 12%] [32m[1mLinking C shared library libmy_interfaces__rosidl_generator_c.so[0m
[2.246s] [ 12%] Built target my_interfaces__cpp
[2.264s] [ 16%] [34m[1mGenerating C++ type support dispatch for ROS interfaces[0m
[2.267s] [ 19%] [34m[1mGenerating C++ type support for eProsima Fast-RTPS[0m
[2.269s] [ 22%] [34m[1mGenerating C++ introspection for ROS interfaces[0m
[2.296s] [ 22%] Built target my_interfaces__rosidl_generator_c
[2.312s] [ 25%] [34m[1mGenerating C type support for eProsima Fast-RTPS[0m
[2.678s] [ 29%] [32mBuilding CXX object CMakeFiles/my_interfaces__rosidl_typesupport_cpp.dir/rosidl_typesupport_cpp/my_interfaces/msg/sensor__type_support.cpp.o[0m
[2.744s] [ 32%] [32mBuilding CXX object CMakeFiles/my_interfaces__rosidl_typesupport_introspection_cpp.dir/rosidl_typesupport_introspection_cpp/my_interfaces/msg/detail/sensor__type_support.cpp.o[0m
[2.746s] [ 35%] [32mBuilding CXX object CMakeFiles/my_interfaces__rosidl_typesupport_fastrtps_cpp.dir/rosidl_typesupport_fastrtps_cpp/my_interfaces/msg/detail/dds_fastrtps/sensor__type_support.cpp.o[0m
[2.828s] [ 38%] [32mBuilding CXX object CMakeFiles/my_interfaces__rosidl_typesupport_fastrtps_c.dir/rosidl_typesupport_fastrtps_c/my_interfaces/msg/detail/sensor__type_support_c.cpp.o[0m
[3.228s] [ 41%] [32m[1mLinking CXX shared library libmy_interfaces__rosidl_typesupport_cpp.so[0m
[3.306s] [ 41%] Built target my_interfaces__rosidl_typesupport_cpp
[3.323s] [ 45%] [34m[1mGenerating C introspection for ROS interfaces[0m
[3.449s] [ 48%] [32m[1mLinking CXX shared library libmy_interfaces__rosidl_typesupport_fastrtps_c.so[0m
[3.453s] [ 51%] [32m[1mLinking CXX shared library libmy_interfaces__rosidl_typesupport_introspection_cpp.so[0m
[3.481s] [ 54%] [32m[1mLinking CXX shared library libmy_interfaces__rosidl_typesupport_fastrtps_cpp.so[0m
[3.582s] [ 54%] Built target my_interfaces__rosidl_typesupport_introspection_cpp
[3.600s] [ 58%] [34m[1mGenerating C type support dispatch for ROS interfaces[0m
[3.612s] [ 58%] Built target my_interfaces__rosidl_typesupport_fastrtps_c
[3.640s] [ 58%] Built target my_interfaces__rosidl_typesupport_fastrtps_cpp
[3.743s] [ 61%] [32mBuilding C object CMakeFiles/my_interfaces__rosidl_typesupport_introspection_c.dir/rosidl_typesupport_introspection_c/my_interfaces/msg/detail/sensor__type_support.c.o[0m
[3.786s] [ 64%] [32m[1mLinking C shared library libmy_interfaces__rosidl_typesupport_introspection_c.so[0m
[3.821s] [ 64%] Built target my_interfaces__rosidl_typesupport_introspection_c
[3.872s] [ 67%] [32mBuilding CXX object CMakeFiles/my_interfaces__rosidl_typesupport_c.dir/rosidl_typesupport_c/my_interfaces/msg/sensor__type_support.cpp.o[0m
[3.930s] [ 70%] [32m[1mLinking CXX shared library libmy_interfaces__rosidl_typesupport_c.so[0m
[3.977s] [ 70%] Built target my_interfaces__rosidl_typesupport_c
[3.999s] [ 70%] Built target my_interfaces
[4.022s] [ 74%] [34m[1mGenerating Python code for ROS interfaces[0m
[4.374s] [ 74%] Built target my_interfaces__py
[4.397s] [ 77%] [32mBuilding C object CMakeFiles/my_interfaces__rosidl_generator_py.dir/rosidl_generator_py/my_interfaces/msg/_sensor_s.c.o[0m
[4.567s] [ 80%] [32m[1mLinking C shared library rosidl_generator_py/my_interfaces/libmy_interfaces__rosidl_generator_py.so[0m
[4.612s] [ 80%] Built target my_interfaces__rosidl_generator_py
[4.639s] [ 83%] [32mBuilding C object CMakeFiles/my_interfaces__rosidl_typesupport_c__pyext.dir/rosidl_generator_py/my_interfaces/_my_interfaces_s.ep.rosidl_typesupport_c.c.o[0m
[4.640s] [ 87%] [32mBuilding C object CMakeFiles/my_interfaces__rosidl_typesupport_introspection_c__pyext.dir/rosidl_generator_py/my_interfaces/_my_interfaces_s.ep.rosidl_typesupport_introspection_c.c.o[0m
[4.642s] [ 90%] [32mBuilding C object CMakeFiles/my_interfaces__rosidl_typesupport_fastrtps_c__pyext.dir/rosidl_generator_py/my_interfaces/_my_interfaces_s.ep.rosidl_typesupport_fastrtps_c.c.o[0m
[4.758s] [ 93%] [32m[1mLinking C shared library rosidl_generator_py/my_interfaces/my_interfaces_s__rosidl_typesupport_introspection_c.cpython-310-x86_64-linux-gnu.so[0m
[4.799s] [ 93%] Built target my_interfaces__rosidl_typesupport_introspection_c__pyext
[4.805s] [ 96%] [32m[1mLinking C shared library rosidl_generator_py/my_interfaces/my_interfaces_s__rosidl_typesupport_c.cpython-310-x86_64-linux-gnu.so[0m
[4.815s] [100%] [32m[1mLinking C shared library rosidl_generator_py/my_interfaces/my_interfaces_s__rosidl_typesupport_fastrtps_c.cpython-310-x86_64-linux-gnu.so[0m
[4.843s] [100%] Built target my_interfaces__rosidl_typesupport_c__pyext
[4.856s] [100%] Built target my_interfaces__rosidl_typesupport_fastrtps_c__pyext
[4.870s] Invoked command in '/home/yang/Desktop/ros-pr0/build/my_interfaces' returned '0': CMAKE_PREFIX_PATH=${CMAKE_PREFIX_PATH}:/opt/ros/humble /usr/bin/cmake --build /home/yang/Desktop/ros-pr0/build/my_interfaces -- -j4 -l4
[4.882s] Invoking command in '/home/yang/Desktop/ros-pr0/build/my_interfaces': CMAKE_PREFIX_PATH=${CMAKE_PREFIX_PATH}:/opt/ros/humble /usr/bin/cmake --install /home/yang/Desktop/ros-pr0/build/my_interfaces
[4.890s] -- Install configuration: ""
[4.890s] -- Installing: /home/yang/Desktop/ros-pr0/install/my_interfaces/share/ament_index/resource_index/rosidl_interfaces/my_interfaces
[4.891s] -- Installing: /home/yang/Desktop/ros-pr0/install/my_interfaces/include/my_interfaces/my_interfaces
[4.891s] -- Installing: /home/yang/Desktop/ros-pr0/install/my_interfaces/include/my_interfaces/my_interfaces/msg
[4.891s] -- Installing: /home/yang/Desktop/ros-pr0/install/my_interfaces/include/my_interfaces/my_interfaces/msg/detail
[4.891s] -- Installing: /home/yang/Desktop/ros-pr0/install/my_interfaces/include/my_interfaces/my_interfaces/msg/detail/sensor__functions.h
[4.891s] -- Installing: /home/yang/Desktop/ros-pr0/install/my_interfaces/include/my_interfaces/my_interfaces/msg/detail/sensor__functions.c
[4.891s] -- Installing: /home/yang/Desktop/ros-pr0/install/my_interfaces/include/my_interfaces/my_interfaces/msg/detail/sensor__type_support.h
[4.892s] -- Installing: /home/yang/Desktop/ros-pr0/install/my_interfaces/include/my_interfaces/my_interfaces/msg/detail/sensor__struct.h
[4.892s] -- Installing: /home/yang/Desktop/ros-pr0/install/my_interfaces/include/my_interfaces/my_interfaces/msg/sensor.h
[4.892s] -- Installing: /home/yang/Desktop/ros-pr0/install/my_interfaces/include/my_interfaces/my_interfaces/msg/rosidl_generator_c__visibility_control.h
[4.892s] -- Installing: /home/yang/Desktop/ros-pr0/install/my_interfaces/share/my_interfaces/environment/library_path.sh
[4.892s] -- Installing: /home/yang/Desktop/ros-pr0/install/my_interfaces/share/my_interfaces/environment/library_path.dsv
[4.892s] -- Installing: /home/yang/Desktop/ros-pr0/install/my_interfaces/lib/libmy_interfaces__rosidl_generator_c.so
[4.893s] -- Set runtime path of "/home/yang/Desktop/ros-pr0/install/my_interfaces/lib/libmy_interfaces__rosidl_generator_c.so" to ""
[4.893s] -- Up-to-date: /home/yang/Desktop/ros-pr0/install/my_interfaces/include/my_interfaces/my_interfaces
[4.893s] -- Up-to-date: /home/yang/Desktop/ros-pr0/install/my_interfaces/include/my_interfaces/my_interfaces/msg
[4.893s] -- Up-to-date: /home/yang/Desktop/ros-pr0/install/my_interfaces/include/my_interfaces/my_interfaces/msg/detail
[4.893s] -- Installing: /home/yang/Desktop/ros-pr0/install/my_interfaces/include/my_interfaces/my_interfaces/msg/detail/sensor__rosidl_typesupport_fastrtps_c.h
[4.893s] -- Installing: /home/yang/Desktop/ros-pr0/install/my_interfaces/include/my_interfaces/my_interfaces/msg/rosidl_typesupport_fastrtps_c__visibility_control.h
[4.893s] -- Installing: /home/yang/Desktop/ros-pr0/install/my_interfaces/lib/libmy_interfaces__rosidl_typesupport_fastrtps_c.so
[4.894s] -- Set runtime path of "/home/yang/Desktop/ros-pr0/install/my_interfaces/lib/libmy_interfaces__rosidl_typesupport_fastrtps_c.so" to ""
[4.894s] -- Up-to-date: /home/yang/Desktop/ros-pr0/install/my_interfaces/include/my_interfaces/my_interfaces
[4.894s] -- Up-to-date: /home/yang/Desktop/ros-pr0/install/my_interfaces/include/my_interfaces/my_interfaces/msg
[4.894s] -- Up-to-date: /home/yang/Desktop/ros-pr0/install/my_interfaces/include/my_interfaces/my_interfaces/msg/detail
[4.894s] -- Installing: /home/yang/Desktop/ros-pr0/install/my_interfaces/include/my_interfaces/my_interfaces/msg/detail/sensor__rosidl_typesupport_introspection_c.h
[4.895s] -- Installing: /home/yang/Desktop/ros-pr0/install/my_interfaces/include/my_interfaces/my_interfaces/msg/detail/sensor__type_support.c
[4.895s] -- Installing: /home/yang/Desktop/ros-pr0/install/my_interfaces/include/my_interfaces/my_interfaces/msg/rosidl_typesupport_introspection_c__visibility_control.h
[4.895s] -- Installing: /home/yang/Desktop/ros-pr0/install/my_interfaces/lib/libmy_interfaces__rosidl_typesupport_introspection_c.so
[4.895s] -- Set runtime path of "/home/yang/Desktop/ros-pr0/install/my_interfaces/lib/libmy_interfaces__rosidl_typesupport_introspection_c.so" to ""
[4.895s] -- Installing: /home/yang/Desktop/ros-pr0/install/my_interfaces/lib/libmy_interfaces__rosidl_typesupport_c.so
[4.896s] -- Set runtime path of "/home/yang/Desktop/ros-pr0/install/my_interfaces/lib/libmy_interfaces__rosidl_typesupport_c.so" to ""
[4.896s] -- Up-to-date: /home/yang/Desktop/ros-pr0/install/my_interfaces/include/my_interfaces/my_interfaces
[4.896s] -- Up-to-date: /home/yang/Desktop/ros-pr0/install/my_interfaces/include/my_interfaces/my_interfaces/msg
[4.896s] -- Up-to-date: /home/yang/Desktop/ros-pr0/install/my_interfaces/include/my_interfaces/my_interfaces/msg/detail
[4.896s] -- Installing: /home/yang/Desktop/ros-pr0/install/my_interfaces/include/my_interfaces/my_interfaces/msg/detail/sensor__builder.hpp
[4.896s] -- Installing: /home/yang/Desktop/ros-pr0/install/my_interfaces/include/my_interfaces/my_interfaces/msg/detail/sensor__traits.hpp
[4.896s] -- Installing: /home/yang/Desktop/ros-pr0/install/my_interfaces/include/my_interfaces/my_interfaces/msg/detail/sensor__type_support.hpp
[4.897s] -- Installing: /home/yang/Desktop/ros-pr0/install/my_interfaces/include/my_interfaces/my_interfaces/msg/detail/sensor__struct.hpp
[4.897s] -- Installing: /home/yang/Desktop/ros-pr0/install/my_interfaces/include/my_interfaces/my_interfaces/msg/sensor.hpp
[4.897s] -- Installing: /home/yang/Desktop/ros-pr0/install/my_interfaces/include/my_interfaces/my_interfaces/msg/rosidl_generator_cpp__visibility_control.hpp
[4.897s] -- Up-to-date: /home/yang/Desktop/ros-pr0/install/my_interfaces/include/my_interfaces/my_interfaces
[4.897s] -- Up-to-date: /home/yang/Desktop/ros-pr0/install/my_interfaces/include/my_interfaces/my_interfaces/msg
[4.897s] -- Up-to-date: /home/yang/Desktop/ros-pr0/install/my_interfaces/include/my_interfaces/my_interfaces/msg/detail
[4.897s] -- Installing: /home/yang/Desktop/ros-pr0/install/my_interfaces/include/my_interfaces/my_interfaces/msg/detail/sensor__rosidl_typesupport_fastrtps_cpp.hpp
[4.898s] -- Installing: /home/yang/Desktop/ros-pr0/install/my_interfaces/include/my_interfaces/my_interfaces/msg/detail/dds_fastrtps
[4.898s] -- Installing: /home/yang/Desktop/ros-pr0/install/my_interfaces/include/my_interfaces/my_interfaces/msg/rosidl_typesupport_fastrtps_cpp__visibility_control.h
[4.898s] -- Installing: /home/yang/Desktop/ros-pr0/install/my_interfaces/lib/libmy_interfaces__rosidl_typesupport_fastrtps_cpp.so
[4.898s] -- Set runtime path of "/home/yang/Desktop/ros-pr0/install/my_interfaces/lib/libmy_interfaces__rosidl_typesupport_fastrtps_cpp.so" to ""
[4.898s] -- Up-to-date: /home/yang/Desktop/ros-pr0/install/my_interfaces/include/my_interfaces/my_interfaces
[4.898s] -- Up-to-date: /home/yang/Desktop/ros-pr0/install/my_interfaces/include/my_interfaces/my_interfaces/msg
[4.898s] -- Up-to-date: /home/yang/Desktop/ros-pr0/install/my_interfaces/include/my_interfaces/my_interfaces/msg/detail
[4.899s] -- Installing: /home/yang/Desktop/ros-pr0/install/my_interfaces/include/my_interfaces/my_interfaces/msg/detail/sensor__type_support.cpp
[4.899s] -- Installing: /home/yang/Desktop/ros-pr0/install/my_interfaces/include/my_interfaces/my_interfaces/msg/detail/sensor__rosidl_typesupport_introspection_cpp.hpp
[4.899s] -- Installing: /home/yang/Desktop/ros-pr0/install/my_interfaces/lib/libmy_interfaces__rosidl_typesupport_introspection_cpp.so
[4.899s] -- Set runtime path of "/home/yang/Desktop/ros-pr0/install/my_interfaces/lib/libmy_interfaces__rosidl_typesupport_introspection_cpp.so" to ""
[4.899s] -- Installing: /home/yang/Desktop/ros-pr0/install/my_interfaces/lib/libmy_interfaces__rosidl_typesupport_cpp.so
[4.900s] -- Set runtime path of "/home/yang/Desktop/ros-pr0/install/my_interfaces/lib/libmy_interfaces__rosidl_typesupport_cpp.so" to ""
[4.900s] -- Installing: /home/yang/Desktop/ros-pr0/install/my_interfaces/share/my_interfaces/environment/pythonpath.sh
[4.900s] -- Installing: /home/yang/Desktop/ros-pr0/install/my_interfaces/share/my_interfaces/environment/pythonpath.dsv
[4.900s] -- Installing: /home/yang/Desktop/ros-pr0/install/my_interfaces/local/lib/python3.10/dist-packages/my_interfaces-0.0.0-py3.10.egg-info
[4.900s] -- Installing: /home/yang/Desktop/ros-pr0/install/my_interfaces/local/lib/python3.10/dist-packages/my_interfaces-0.0.0-py3.10.egg-info/dependency_links.txt
[4.900s] -- Installing: /home/yang/Desktop/ros-pr0/install/my_interfaces/local/lib/python3.10/dist-packages/my_interfaces-0.0.0-py3.10.egg-info/SOURCES.txt
[4.901s] -- Installing: /home/yang/Desktop/ros-pr0/install/my_interfaces/local/lib/python3.10/dist-packages/my_interfaces-0.0.0-py3.10.egg-info/PKG-INFO
[4.901s] -- Installing: /home/yang/Desktop/ros-pr0/install/my_interfaces/local/lib/python3.10/dist-packages/my_interfaces-0.0.0-py3.10.egg-info/top_level.txt
[4.901s] -- Installing: /home/yang/Desktop/ros-pr0/install/my_interfaces/local/lib/python3.10/dist-packages/my_interfaces
[4.901s] -- Installing: /home/yang/Desktop/ros-pr0/install/my_interfaces/local/lib/python3.10/dist-packages/my_interfaces/my_interfaces_s__rosidl_typesupport_fastrtps_c.cpython-310-x86_64-linux-gnu.so
[4.901s] -- Installing: /home/yang/Desktop/ros-pr0/install/my_interfaces/local/lib/python3.10/dist-packages/my_interfaces/_my_interfaces_s.ep.rosidl_typesupport_introspection_c.c
[4.902s] -- Installing: /home/yang/Desktop/ros-pr0/install/my_interfaces/local/lib/python3.10/dist-packages/my_interfaces/my_interfaces_s__rosidl_typesupport_c.cpython-310-x86_64-linux-gnu.so
[4.902s] -- Installing: /home/yang/Desktop/ros-pr0/install/my_interfaces/local/lib/python3.10/dist-packages/my_interfaces/my_interfaces_s__rosidl_typesupport_introspection_c.cpython-310-x86_64-linux-gnu.so
[4.902s] -- Installing: /home/yang/Desktop/ros-pr0/install/my_interfaces/local/lib/python3.10/dist-packages/my_interfaces/_my_interfaces_s.ep.rosidl_typesupport_c.c
[4.902s] -- Installing: /home/yang/Desktop/ros-pr0/install/my_interfaces/local/lib/python3.10/dist-packages/my_interfaces/_my_interfaces_s.ep.rosidl_typesupport_fastrtps_c.c
[4.902s] -- Installing: /home/yang/Desktop/ros-pr0/install/my_interfaces/local/lib/python3.10/dist-packages/my_interfaces/msg
[4.902s] -- Installing: /home/yang/Desktop/ros-pr0/install/my_interfaces/local/lib/python3.10/dist-packages/my_interfaces/msg/_sensor.py
[4.903s] -- Installing: /home/yang/Desktop/ros-pr0/install/my_interfaces/local/lib/python3.10/dist-packages/my_interfaces/msg/_sensor_s.c
[4.903s] -- Installing: /home/yang/Desktop/ros-pr0/install/my_interfaces/local/lib/python3.10/dist-packages/my_interfaces/msg/__init__.py
[4.903s] -- Installing: /home/yang/Desktop/ros-pr0/install/my_interfaces/local/lib/python3.10/dist-packages/my_interfaces/libmy_interfaces__rosidl_generator_py.so
[4.903s] -- Installing: /home/yang/Desktop/ros-pr0/install/my_interfaces/local/lib/python3.10/dist-packages/my_interfaces/__init__.py
[4.951s] Listing '/home/yang/Desktop/ros-pr0/install/my_interfaces/local/lib/python3.10/dist-packages/my_interfaces'...
[4.951s] Compiling '/home/yang/Desktop/ros-pr0/install/my_interfaces/local/lib/python3.10/dist-packages/my_interfaces/__init__.py'...
[4.951s] Listing '/home/yang/Desktop/ros-pr0/install/my_interfaces/local/lib/python3.10/dist-packages/my_interfaces/msg'...
[4.951s] Compiling '/home/yang/Desktop/ros-pr0/install/my_interfaces/local/lib/python3.10/dist-packages/my_interfaces/msg/__init__.py'...
[4.951s] Compiling '/home/yang/Desktop/ros-pr0/install/my_interfaces/local/lib/python3.10/dist-packages/my_interfaces/msg/_sensor.py'...
[4.958s] -- Installing: /home/yang/Desktop/ros-pr0/install/my_interfaces/local/lib/python3.10/dist-packages/my_interfaces/my_interfaces_s__rosidl_typesupport_fastrtps_c.cpython-310-x86_64-linux-gnu.so
[4.958s] -- Set runtime path of "/home/yang/Desktop/ros-pr0/install/my_interfaces/local/lib/python3.10/dist-packages/my_interfaces/my_interfaces_s__rosidl_typesupport_fastrtps_c.cpython-310-x86_64-linux-gnu.so" to ""
[4.959s] -- Installing: /home/yang/Desktop/ros-pr0/install/my_interfaces/local/lib/python3.10/dist-packages/my_interfaces/my_interfaces_s__rosidl_typesupport_introspection_c.cpython-310-x86_64-linux-gnu.so
[4.959s] -- Set runtime path of "/home/yang/Desktop/ros-pr0/install/my_interfaces/local/lib/python3.10/dist-packages/my_interfaces/my_interfaces_s__rosidl_typesupport_introspection_c.cpython-310-x86_64-linux-gnu.so" to ""
[4.960s] -- Installing: /home/yang/Desktop/ros-pr0/install/my_interfaces/local/lib/python3.10/dist-packages/my_interfaces/my_interfaces_s__rosidl_typesupport_c.cpython-310-x86_64-linux-gnu.so
[4.960s] -- Set runtime path of "/home/yang/Desktop/ros-pr0/install/my_interfaces/local/lib/python3.10/dist-packages/my_interfaces/my_interfaces_s__rosidl_typesupport_c.cpython-310-x86_64-linux-gnu.so" to ""
[4.960s] -- Installing: /home/yang/Desktop/ros-pr0/install/my_interfaces/lib/libmy_interfaces__rosidl_generator_py.so
[4.961s] -- Set runtime path of "/home/yang/Desktop/ros-pr0/install/my_interfaces/lib/libmy_interfaces__rosidl_generator_py.so" to ""
[4.961s] -- Installing: /home/yang/Desktop/ros-pr0/install/my_interfaces/share/my_interfaces/msg/Sensor.idl
[4.961s] -- Installing: /home/yang/Desktop/ros-pr0/install/my_interfaces/share/my_interfaces/msg/Sensor.msg
[4.961s] -- Installing: /home/yang/Desktop/ros-pr0/install/my_interfaces/share/ament_index/resource_index/package_run_dependencies/my_interfaces
[4.961s] -- Installing: /home/yang/Desktop/ros-pr0/install/my_interfaces/share/ament_index/resource_index/parent_prefix_path/my_interfaces
[4.962s] -- Installing: /home/yang/Desktop/ros-pr0/install/my_interfaces/share/my_interfaces/environment/ament_prefix_path.sh
[4.962s] -- Installing: /home/yang/Desktop/ros-pr0/install/my_interfaces/share/my_interfaces/environment/ament_prefix_path.dsv
[4.962s] -- Installing: /home/yang/Desktop/ros-pr0/install/my_interfaces/share/my_interfaces/environment/path.sh
[4.962s] -- Installing: /home/yang/Desktop/ros-pr0/install/my_interfaces/share/my_interfaces/environment/path.dsv
[4.962s] -- Installing: /home/yang/Desktop/ros-pr0/install/my_interfaces/share/my_interfaces/local_setup.bash
[4.963s] -- Installing: /home/yang/Desktop/ros-pr0/install/my_interfaces/share/my_interfaces/local_setup.sh
[4.963s] -- Installing: /home/yang/Desktop/ros-pr0/install/my_interfaces/share/my_interfaces/local_setup.zsh
[4.963s] -- Installing: /home/yang/Desktop/ros-pr0/install/my_interfaces/share/my_interfaces/local_setup.dsv
[4.963s] -- Installing: /home/yang/Desktop/ros-pr0/install/my_interfaces/share/my_interfaces/package.dsv
[4.963s] -- Installing: /home/yang/Desktop/ros-pr0/install/my_interfaces/share/ament_index/resource_index/packages/my_interfaces
[4.964s] -- Installing: /home/yang/Desktop/ros-pr0/install/my_interfaces/share/my_interfaces/cmake/export_my_interfaces__rosidl_generator_cExport.cmake
[4.964s] -- Installing: /home/yang/Desktop/ros-pr0/install/my_interfaces/share/my_interfaces/cmake/export_my_interfaces__rosidl_generator_cExport-noconfig.cmake
[4.964s] -- Installing: /home/yang/Desktop/ros-pr0/install/my_interfaces/share/my_interfaces/cmake/export_my_interfaces__rosidl_typesupport_fastrtps_cExport.cmake
[4.964s] -- Installing: /home/yang/Desktop/ros-pr0/install/my_interfaces/share/my_interfaces/cmake/export_my_interfaces__rosidl_typesupport_fastrtps_cExport-noconfig.cmake
[4.964s] -- Installing: /home/yang/Desktop/ros-pr0/install/my_interfaces/share/my_interfaces/cmake/my_interfaces__rosidl_typesupport_introspection_cExport.cmake
[4.965s] -- Installing: /home/yang/Desktop/ros-pr0/install/my_interfaces/share/my_interfaces/cmake/my_interfaces__rosidl_typesupport_introspection_cExport-noconfig.cmake
[4.965s] -- Installing: /home/yang/Desktop/ros-pr0/install/my_interfaces/share/my_interfaces/cmake/my_interfaces__rosidl_typesupport_cExport.cmake
[4.965s] -- Installing: /home/yang/Desktop/ros-pr0/install/my_interfaces/share/my_interfaces/cmake/my_interfaces__rosidl_typesupport_cExport-noconfig.cmake
[4.965s] -- Installing: /home/yang/Desktop/ros-pr0/install/my_interfaces/share/my_interfaces/cmake/export_my_interfaces__rosidl_generator_cppExport.cmake
[4.965s] -- Installing: /home/yang/Desktop/ros-pr0/install/my_interfaces/share/my_interfaces/cmake/export_my_interfaces__rosidl_typesupport_fastrtps_cppExport.cmake
[4.966s] -- Installing: /home/yang/Desktop/ros-pr0/install/my_interfaces/share/my_interfaces/cmake/export_my_interfaces__rosidl_typesupport_fastrtps_cppExport-noconfig.cmake
[4.966s] -- Installing: /home/yang/Desktop/ros-pr0/install/my_interfaces/share/my_interfaces/cmake/my_interfaces__rosidl_typesupport_introspection_cppExport.cmake
[4.966s] -- Installing: /home/yang/Desktop/ros-pr0/install/my_interfaces/share/my_interfaces/cmake/my_interfaces__rosidl_typesupport_introspection_cppExport-noconfig.cmake
[4.966s] -- Installing: /home/yang/Desktop/ros-pr0/install/my_interfaces/share/my_interfaces/cmake/my_interfaces__rosidl_typesupport_cppExport.cmake
[4.966s] -- Installing: /home/yang/Desktop/ros-pr0/install/my_interfaces/share/my_interfaces/cmake/my_interfaces__rosidl_typesupport_cppExport-noconfig.cmake
[4.966s] -- Installing: /home/yang/Desktop/ros-pr0/install/my_interfaces/share/my_interfaces/cmake/export_my_interfaces__rosidl_generator_pyExport.cmake
[4.967s] -- Installing: /home/yang/Desktop/ros-pr0/install/my_interfaces/share/my_interfaces/cmake/export_my_interfaces__rosidl_generator_pyExport-noconfig.cmake
[4.967s] -- Installing: /home/yang/Desktop/ros-pr0/install/my_interfaces/share/my_interfaces/cmake/rosidl_cmake-extras.cmake
[4.967s] -- Installing: /home/yang/Desktop/ros-pr0/install/my_interfaces/share/my_interfaces/cmake/ament_cmake_export_include_directories-extras.cmake
[4.967s] -- Installing: /home/yang/Desktop/ros-pr0/install/my_interfaces/share/my_interfaces/cmake/ament_cmake_export_libraries-extras.cmake
[4.967s] -- Installing: /home/yang/Desktop/ros-pr0/install/my_interfaces/share/my_interfaces/cmake/ament_cmake_export_targets-extras.cmake
[4.968s] -- Installing: /home/yang/Desktop/ros-pr0/install/my_interfaces/share/my_interfaces/cmake/rosidl_cmake_export_typesupport_targets-extras.cmake
[4.968s] -- Installing: /home/yang/Desktop/ros-pr0/install/my_interfaces/share/my_interfaces/cmake/ament_cmake_export_dependencies-extras.cmake
[4.968s] -- Installing: /home/yang/Desktop/ros-pr0/install/my_interfaces/share/my_interfaces/cmake/rosidl_cmake_export_typesupport_libraries-extras.cmake
[4.968s] -- Installing: /home/yang/Desktop/ros-pr0/install/my_interfaces/share/my_interfaces/cmake/my_interfacesConfig.cmake
[4.968s] -- Installing: /home/yang/Desktop/ros-pr0/install/my_interfaces/share/my_interfaces/cmake/my_interfacesConfig-version.cmake
[4.968s] -- Installing: /home/yang/Desktop/ros-pr0/install/my_interfaces/share/my_interfaces/package.xml
[4.973s] Invoked command in '/home/yang/Desktop/ros-pr0/build/my_interfaces' returned '0': CMAKE_PREFIX_PATH=${CMAKE_PREFIX_PATH}:/opt/ros/humble /usr/bin/cmake --install /home/yang/Desktop/ros-pr0/build/my_interfaces
