[35m[1mConsolidate compiler generated dependencies of target ekf_slam[0m
[ 58%] Built target add_server
[ 58%] Built target talker
[ 58%] Built target add_client
[ 75%] Built target listener
[ 83%] Built target sensor_pub
[ 91%] [32mBuilding CXX object CMakeFiles/ekf_slam.dir/src/ekf_slam.cpp.o[0m
[100%] [32m[1mLinking CXX executable ekf_slam[0m
[100%] Built target ekf_slam
-- Install configuration: ""
-- Up-to-date: /home/yang/Desktop/proj/ros0/install/my_first_pkg/lib/my_first_pkg/talker
-- Up-to-date: /home/yang/Desktop/proj/ros0/install/my_first_pkg/lib/my_first_pkg/listener
-- Up-to-date: /home/yang/Desktop/proj/ros0/install/my_first_pkg/lib/my_first_pkg/add_server
-- Up-to-date: /home/yang/Desktop/proj/ros0/install/my_first_pkg/lib/my_first_pkg/add_client
-- Up-to-date: /home/yang/Desktop/proj/ros0/install/my_first_pkg/share/my_first_pkg/launch
-- Up-to-date: /home/yang/Desktop/proj/ros0/install/my_first_pkg/share/my_first_pkg/launch/demo.launch.py
-- Up-to-date: /home/yang/Desktop/proj/ros0/install/my_first_pkg/lib/my_first_pkg/sensor_pub
-- Installing: /home/yang/Desktop/proj/ros0/install/my_first_pkg/lib/my_first_pkg/ekf_slam
-- Set runtime path of "/home/yang/Desktop/proj/ros0/install/my_first_pkg/lib/my_first_pkg/ekf_slam" to ""
-- Up-to-date: /home/yang/Desktop/proj/ros0/install/my_first_pkg/share/ament_index/resource_index/package_run_dependencies/my_first_pkg
-- Up-to-date: /home/yang/Desktop/proj/ros0/install/my_first_pkg/share/ament_index/resource_index/parent_prefix_path/my_first_pkg
-- Up-to-date: /home/yang/Desktop/proj/ros0/install/my_first_pkg/share/my_first_pkg/environment/ament_prefix_path.sh
-- Up-to-date: /home/yang/Desktop/proj/ros0/install/my_first_pkg/share/my_first_pkg/environment/ament_prefix_path.dsv
-- Up-to-date: /home/yang/Desktop/proj/ros0/install/my_first_pkg/share/my_first_pkg/environment/path.sh
-- Up-to-date: /home/yang/Desktop/proj/ros0/install/my_first_pkg/share/my_first_pkg/environment/path.dsv
-- Up-to-date: /home/yang/Desktop/proj/ros0/install/my_first_pkg/share/my_first_pkg/local_setup.bash
-- Up-to-date: /home/yang/Desktop/proj/ros0/install/my_first_pkg/share/my_first_pkg/local_setup.sh
-- Up-to-date: /home/yang/Desktop/proj/ros0/install/my_first_pkg/share/my_first_pkg/local_setup.zsh
-- Up-to-date: /home/yang/Desktop/proj/ros0/install/my_first_pkg/share/my_first_pkg/local_setup.dsv
-- Installing: /home/yang/Desktop/proj/ros0/install/my_first_pkg/share/my_first_pkg/package.dsv
-- Up-to-date: /home/yang/Desktop/proj/ros0/install/my_first_pkg/share/ament_index/resource_index/packages/my_first_pkg
-- Up-to-date: /home/yang/Desktop/proj/ros0/install/my_first_pkg/share/my_first_pkg/cmake/my_first_pkgConfig.cmake
-- Up-to-date: /home/yang/Desktop/proj/ros0/install/my_first_pkg/share/my_first_pkg/cmake/my_first_pkgConfig-version.cmake
-- Up-to-date: /home/yang/Desktop/proj/ros0/install/my_first_pkg/share/my_first_pkg/package.xml
