[0.011s] Invoking command in '/home/yang/Desktop/proj/ros0/build/my_first_pkg': CMAKE_PREFIX_PATH=${CMAKE_PREFIX_PATH}:/opt/ros/humble /usr/bin/cmake --build /home/yang/Desktop/proj/ros0/build/my_first_pkg -- -j12 -l12
[0.029s] [35m[1mConsolidate compiler generated dependencies of target talker[0m
[0.036s] [ 50%] [32mBuilding CXX object CMakeFiles/talker.dir/src/publisher.cpp.o[0m
[1.667s] [100%] [32m[1mLinking CXX executable talker[0m
[1.731s] [100%] Built target talker
[1.736s] Invoked command in '/home/yang/Desktop/proj/ros0/build/my_first_pkg' returned '0': CMAKE_PREFIX_PATH=${CMAKE_PREFIX_PATH}:/opt/ros/humble /usr/bin/cmake --build /home/yang/Desktop/proj/ros0/build/my_first_pkg -- -j12 -l12
[1.739s] Invoking command in '/home/yang/Desktop/proj/ros0/build/my_first_pkg': CMAKE_PREFIX_PATH=${CMAKE_PREFIX_PATH}:/opt/ros/humble /usr/bin/cmake --install /home/yang/Desktop/proj/ros0/build/my_first_pkg
[1.741s] -- Install configuration: ""
[1.742s] -- Installing: /home/yang/Desktop/proj/ros0/install/my_first_pkg/lib/my_first_pkg/talker
[1.742s] -- Set runtime path of "/home/yang/Desktop/proj/ros0/install/my_first_pkg/lib/my_first_pkg/talker" to ""
[1.742s] -- Up-to-date: /home/yang/Desktop/proj/ros0/install/my_first_pkg/share/ament_index/resource_index/package_run_dependencies/my_first_pkg
[1.742s] -- Up-to-date: /home/yang/Desktop/proj/ros0/install/my_first_pkg/share/ament_index/resource_index/parent_prefix_path/my_first_pkg
[1.743s] -- Up-to-date: /home/yang/Desktop/proj/ros0/install/my_first_pkg/share/my_first_pkg/environment/ament_prefix_path.sh
[1.743s] -- Up-to-date: /home/yang/Desktop/proj/ros0/install/my_first_pkg/share/my_first_pkg/environment/ament_prefix_path.dsv
[1.743s] -- Up-to-date: /home/yang/Desktop/proj/ros0/install/my_first_pkg/share/my_first_pkg/environment/path.sh
[1.743s] -- Up-to-date: /home/yang/Desktop/proj/ros0/install/my_first_pkg/share/my_first_pkg/environment/path.dsv
[1.743s] -- Up-to-date: /home/yang/Desktop/proj/ros0/install/my_first_pkg/share/my_first_pkg/local_setup.bash
[1.743s] -- Up-to-date: /home/yang/Desktop/proj/ros0/install/my_first_pkg/share/my_first_pkg/local_setup.sh
[1.743s] -- Up-to-date: /home/yang/Desktop/proj/ros0/install/my_first_pkg/share/my_first_pkg/local_setup.zsh
[1.743s] -- Up-to-date: /home/yang/Desktop/proj/ros0/install/my_first_pkg/share/my_first_pkg/local_setup.dsv
[1.743s] -- Installing: /home/yang/Desktop/proj/ros0/install/my_first_pkg/share/my_first_pkg/package.dsv
[1.743s] -- Up-to-date: /home/yang/Desktop/proj/ros0/install/my_first_pkg/share/ament_index/resource_index/packages/my_first_pkg
[1.743s] -- Up-to-date: /home/yang/Desktop/proj/ros0/install/my_first_pkg/share/my_first_pkg/cmake/my_first_pkgConfig.cmake
[1.743s] -- Up-to-date: /home/yang/Desktop/proj/ros0/install/my_first_pkg/share/my_first_pkg/cmake/my_first_pkgConfig-version.cmake
[1.743s] -- Up-to-date: /home/yang/Desktop/proj/ros0/install/my_first_pkg/share/my_first_pkg/package.xml
[1.743s] Invoked command in '/home/yang/Desktop/proj/ros0/build/my_first_pkg' returned '0': CMAKE_PREFIX_PATH=${CMAKE_PREFIX_PATH}:/opt/ros/humble /usr/bin/cmake --install /home/yang/Desktop/proj/ros0/build/my_first_pkg
