[0.009s] Invoking command in '/home/yang/Desktop/proj/ros0/build/my_interfaces': CMAKE_PREFIX_PATH=${CMAKE_PREFIX_PATH}:/opt/ros/humble /usr/bin/cmake /home/yang/Desktop/proj/ros0/src/my_interfaces -DCMAKE_EXPORT_COMPILE_COMMANDS=ON -DCMAKE_INSTALL_PREFIX=/home/yang/Desktop/proj/ros0/install/my_interfaces
[0.014s] -- Found ament_cmake: 1.3.13 (/opt/ros/humble/share/ament_cmake/cmake)
[0.072s] -- Found ament_lint_auto: 0.12.15 (/opt/ros/humble/share/ament_lint_auto/cmake)
[0.100s] -- Found rosidl_default_generators: 1.2.0 (/opt/ros/humble/share/rosidl_default_generators/cmake)
[0.100s] -- Using all available rosidl_typesupport_c: rosidl_typesupport_fastrtps_c;rosidl_typesupport_introspection_c
[0.101s] -- Found rosidl_adapter: 3.1.8 (/opt/ros/humble/share/rosidl_adapter/cmake)
[0.113s] -- Using all available rosidl_typesupport_cpp: rosidl_typesupport_fastrtps_cpp;rosidl_typesupport_introspection_cpp
[0.199s] -- Found ament_cmake_ros: 0.10.0 (/opt/ros/humble/share/ament_cmake_ros/cmake)
[0.275s] -- Using all available rosidl_typesupport_c: rosidl_typesupport_fastrtps_c;rosidl_typesupport_introspection_c
[0.372s] -- Using all available rosidl_typesupport_cpp: rosidl_typesupport_fastrtps_cpp;rosidl_typesupport_introspection_cpp
[0.382s] -- Found PythonInterp: /usr/bin/python3 (found suitable version "3.10.12", minimum required is "3.6") 
[0.382s] -- Found python_cmake_module: 0.10.0 (/opt/ros/humble/share/python_cmake_module/cmake)
[0.394s] -- Found PythonLibs: /usr/lib/x86_64-linux-gnu/libpython3.10.so (found suitable version "3.10.12", minimum required is "3.5") 
[0.394s] -- Using PYTHON_EXECUTABLE: /usr/bin/python3
[0.394s] -- Using PYTHON_INCLUDE_DIRS: /usr/include/python3.10
[0.394s] -- Using PYTHON_LIBRARIES: /usr/lib/x86_64-linux-gnu/libpython3.10.so
[0.402s] -- Found PythonExtra: .so  
[0.416s] -- Added test 'lint_cmake' to check CMake code style
[0.417s] -- Added test 'xmllint' to check XML markup files
[0.420s] -- Configuring done
[0.431s] -- Generating done
[0.434s] -- Build files have been written to: /home/yang/Desktop/proj/ros0/build/my_interfaces
[0.438s] Invoked command in '/home/yang/Desktop/proj/ros0/build/my_interfaces' returned '0': CMAKE_PREFIX_PATH=${CMAKE_PREFIX_PATH}:/opt/ros/humble /usr/bin/cmake /home/yang/Desktop/proj/ros0/src/my_interfaces -DCMAKE_EXPORT_COMPILE_COMMANDS=ON -DCMAKE_INSTALL_PREFIX=/home/yang/Desktop/proj/ros0/install/my_interfaces
[0.439s] Invoking command in '/home/yang/Desktop/proj/ros0/build/my_interfaces': CMAKE_PREFIX_PATH=${CMAKE_PREFIX_PATH}:/opt/ros/humble /usr/bin/cmake --build /home/yang/Desktop/proj/ros0/build/my_interfaces -- -j12 -l12
[0.454s] [  3%] [34m[1mGenerating C code for ROS interfaces[0m
[0.458s] [  6%] [34m[1mGenerating C++ code for ROS interfaces[0m
[0.460s] [  6%] Built target ament_cmake_python_copy_my_interfaces
[0.545s] running egg_info
[0.545s] creating my_interfaces.egg-info
[0.545s] writing my_interfaces.egg-info/PKG-INFO
[0.545s] writing dependency_links to my_interfaces.egg-info/dependency_links.txt
[0.545s] writing top-level names to my_interfaces.egg-info/top_level.txt
[0.545s] writing manifest file 'my_interfaces.egg-info/SOURCES.txt'
[0.546s] reading manifest file 'my_interfaces.egg-info/SOURCES.txt'
[0.546s] writing manifest file 'my_interfaces.egg-info/SOURCES.txt'
[0.560s] [  9%] [32mBuilding C object CMakeFiles/my_interfaces__rosidl_generator_c.dir/rosidl_generator_c/my_interfaces/msg/detail/sensor__functions.c.o[0m
[0.563s] [  9%] Built target my_interfaces__cpp
[0.564s] [  9%] Built target ament_cmake_python_build_my_interfaces_egg
[0.566s] [ 16%] [34m[1mGenerating C++ introspection for ROS interfaces[0m
[0.566s] [ 16%] [34m[1mGenerating C++ type support for eProsima Fast-RTPS[0m
[0.567s] [ 19%] [34m[1mGenerating C++ type support dispatch for ROS interfaces[0m
[0.586s] [ 22%] [32m[1mLinking C shared library libmy_interfaces__rosidl_generator_c.so[0m
[0.602s] [ 22%] Built target my_interfaces__rosidl_generator_c
[0.606s] [ 29%] [34m[1mGenerating C introspection for ROS interfaces[0m
[0.606s] [ 29%] [34m[1mGenerating C type support for eProsima Fast-RTPS[0m
[0.606s] [ 32%] [34m[1mGenerating C type support dispatch for ROS interfaces[0m
[0.662s] [ 35%] [32mBuilding CXX object CMakeFiles/my_interfaces__rosidl_typesupport_cpp.dir/rosidl_typesupport_cpp/my_interfaces/msg/sensor__type_support.cpp.o[0m
[0.672s] [ 38%] [32mBuilding CXX object CMakeFiles/my_interfaces__rosidl_typesupport_introspection_cpp.dir/rosidl_typesupport_introspection_cpp/my_interfaces/msg/detail/sensor__type_support.cpp.o[0m
[0.674s] [ 41%] [32mBuilding CXX object CMakeFiles/my_interfaces__rosidl_typesupport_fastrtps_cpp.dir/rosidl_typesupport_fastrtps_cpp/my_interfaces/msg/detail/dds_fastrtps/sensor__type_support.cpp.o[0m
[0.707s] [ 45%] [32mBuilding CXX object CMakeFiles/my_interfaces__rosidl_typesupport_c.dir/rosidl_typesupport_c/my_interfaces/msg/sensor__type_support.cpp.o[0m
[0.714s] [ 48%] [32mBuilding C object CMakeFiles/my_interfaces__rosidl_typesupport_introspection_c.dir/rosidl_typesupport_introspection_c/my_interfaces/msg/detail/sensor__type_support.c.o[0m
[0.716s] [ 51%] [32mBuilding CXX object CMakeFiles/my_interfaces__rosidl_typesupport_fastrtps_c.dir/rosidl_typesupport_fastrtps_c/my_interfaces/msg/detail/sensor__type_support_c.cpp.o[0m
[0.722s] [ 54%] [32m[1mLinking CXX shared library libmy_interfaces__rosidl_typesupport_c.so[0m
[0.728s] [ 58%] [32m[1mLinking C shared library libmy_interfaces__rosidl_typesupport_introspection_c.so[0m
[0.742s] [ 58%] Built target my_interfaces__rosidl_typesupport_introspection_c
[0.742s] [ 58%] Built target my_interfaces__rosidl_typesupport_c
[0.774s] [ 61%] [32m[1mLinking CXX shared library libmy_interfaces__rosidl_typesupport_cpp.so[0m
[0.792s] [ 61%] Built target my_interfaces__rosidl_typesupport_cpp
[0.825s] [ 64%] [32m[1mLinking CXX shared library libmy_interfaces__rosidl_typesupport_introspection_cpp.so[0m
[0.827s] [ 67%] [32m[1mLinking CXX shared library libmy_interfaces__rosidl_typesupport_fastrtps_cpp.so[0m
[0.848s] [ 70%] [32m[1mLinking CXX shared library libmy_interfaces__rosidl_typesupport_fastrtps_c.so[0m
[0.851s] [ 70%] Built target my_interfaces__rosidl_typesupport_introspection_cpp
[0.858s] [ 70%] Built target my_interfaces__rosidl_typesupport_fastrtps_cpp
[0.879s] [ 70%] Built target my_interfaces__rosidl_typesupport_fastrtps_c
[0.887s] [ 70%] Built target my_interfaces
[0.893s] [ 74%] [34m[1mGenerating Python code for ROS interfaces[0m
[1.008s] [ 74%] Built target my_interfaces__py
[1.014s] [ 77%] [32mBuilding C object CMakeFiles/my_interfaces__rosidl_generator_py.dir/rosidl_generator_py/my_interfaces/msg/_sensor_s.c.o[0m
[1.066s] [ 80%] [32m[1mLinking C shared library rosidl_generator_py/my_interfaces/libmy_interfaces__rosidl_generator_py.so[0m
[1.080s] [ 80%] Built target my_interfaces__rosidl_generator_py
[1.088s] [ 87%] [32mBuilding C object CMakeFiles/my_interfaces__rosidl_typesupport_fastrtps_c__pyext.dir/rosidl_generator_py/my_interfaces/_my_interfaces_s.ep.rosidl_typesupport_fastrtps_c.c.o[0m
[1.088s] [ 87%] [32mBuilding C object CMakeFiles/my_interfaces__rosidl_typesupport_introspection_c__pyext.dir/rosidl_generator_py/my_interfaces/_my_interfaces_s.ep.rosidl_typesupport_introspection_c.c.o[0m
[1.088s] [ 90%] [32mBuilding C object CMakeFiles/my_interfaces__rosidl_typesupport_c__pyext.dir/rosidl_generator_py/my_interfaces/_my_interfaces_s.ep.rosidl_typesupport_c.c.o[0m
[1.123s] [100%] [32m[1mLinking C shared library rosidl_generator_py/my_interfaces/my_interfaces_s__rosidl_typesupport_fastrtps_c.cpython-310-x86_64-linux-gnu.so[0m
[1.123s] [100%] [32m[1mLinking C shared library rosidl_generator_py/my_interfaces/my_interfaces_s__rosidl_typesupport_c.cpython-310-x86_64-linux-gnu.so[0m
[1.123s] [100%] [32m[1mLinking C shared library rosidl_generator_py/my_interfaces/my_interfaces_s__rosidl_typesupport_introspection_c.cpython-310-x86_64-linux-gnu.so[0m
[1.135s] [100%] Built target my_interfaces__rosidl_typesupport_introspection_c__pyext
[1.135s] [100%] Built target my_interfaces__rosidl_typesupport_fastrtps_c__pyext
[1.136s] [100%] Built target my_interfaces__rosidl_typesupport_c__pyext
[1.140s] Invoked command in '/home/yang/Desktop/proj/ros0/build/my_interfaces' returned '0': CMAKE_PREFIX_PATH=${CMAKE_PREFIX_PATH}:/opt/ros/humble /usr/bin/cmake --build /home/yang/Desktop/proj/ros0/build/my_interfaces -- -j12 -l12
[1.141s] Invoking command in '/home/yang/Desktop/proj/ros0/build/my_interfaces': CMAKE_PREFIX_PATH=${CMAKE_PREFIX_PATH}:/opt/ros/humble /usr/bin/cmake --install /home/yang/Desktop/proj/ros0/build/my_interfaces
[1.144s] -- Install configuration: ""
[1.144s] -- Installing: /home/yang/Desktop/proj/ros0/install/my_interfaces/share/ament_index/resource_index/rosidl_interfaces/my_interfaces
[1.144s] -- Installing: /home/yang/Desktop/proj/ros0/install/my_interfaces/include/my_interfaces/my_interfaces
[1.144s] -- Installing: /home/yang/Desktop/proj/ros0/install/my_interfaces/include/my_interfaces/my_interfaces/msg
[1.144s] -- Installing: /home/yang/Desktop/proj/ros0/install/my_interfaces/include/my_interfaces/my_interfaces/msg/rosidl_generator_c__visibility_control.h
[1.144s] -- Installing: /home/yang/Desktop/proj/ros0/install/my_interfaces/include/my_interfaces/my_interfaces/msg/detail
[1.144s] -- Installing: /home/yang/Desktop/proj/ros0/install/my_interfaces/include/my_interfaces/my_interfaces/msg/detail/sensor__functions.c
[1.144s] -- Installing: /home/yang/Desktop/proj/ros0/install/my_interfaces/include/my_interfaces/my_interfaces/msg/detail/sensor__struct.h
[1.144s] -- Installing: /home/yang/Desktop/proj/ros0/install/my_interfaces/include/my_interfaces/my_interfaces/msg/detail/sensor__type_support.h
[1.144s] -- Installing: /home/yang/Desktop/proj/ros0/install/my_interfaces/include/my_interfaces/my_interfaces/msg/detail/sensor__functions.h
[1.144s] -- Installing: /home/yang/Desktop/proj/ros0/install/my_interfaces/include/my_interfaces/my_interfaces/msg/sensor.h
[1.144s] -- Installing: /home/yang/Desktop/proj/ros0/install/my_interfaces/share/my_interfaces/environment/library_path.sh
[1.144s] -- Installing: /home/yang/Desktop/proj/ros0/install/my_interfaces/share/my_interfaces/environment/library_path.dsv
[1.144s] -- Installing: /home/yang/Desktop/proj/ros0/install/my_interfaces/lib/libmy_interfaces__rosidl_generator_c.so
[1.144s] -- Set runtime path of "/home/yang/Desktop/proj/ros0/install/my_interfaces/lib/libmy_interfaces__rosidl_generator_c.so" to ""
[1.144s] -- Up-to-date: /home/yang/Desktop/proj/ros0/install/my_interfaces/include/my_interfaces/my_interfaces
[1.144s] -- Up-to-date: /home/yang/Desktop/proj/ros0/install/my_interfaces/include/my_interfaces/my_interfaces/msg
[1.145s] -- Up-to-date: /home/yang/Desktop/proj/ros0/install/my_interfaces/include/my_interfaces/my_interfaces/msg/detail
[1.145s] -- Installing: /home/yang/Desktop/proj/ros0/install/my_interfaces/include/my_interfaces/my_interfaces/msg/detail/sensor__rosidl_typesupport_fastrtps_c.h
[1.145s] -- Installing: /home/yang/Desktop/proj/ros0/install/my_interfaces/include/my_interfaces/my_interfaces/msg/rosidl_typesupport_fastrtps_c__visibility_control.h
[1.145s] -- Installing: /home/yang/Desktop/proj/ros0/install/my_interfaces/lib/libmy_interfaces__rosidl_typesupport_fastrtps_c.so
[1.145s] -- Set runtime path of "/home/yang/Desktop/proj/ros0/install/my_interfaces/lib/libmy_interfaces__rosidl_typesupport_fastrtps_c.so" to ""
[1.145s] -- Up-to-date: /home/yang/Desktop/proj/ros0/install/my_interfaces/include/my_interfaces/my_interfaces
[1.145s] -- Up-to-date: /home/yang/Desktop/proj/ros0/install/my_interfaces/include/my_interfaces/my_interfaces/msg
[1.145s] -- Up-to-date: /home/yang/Desktop/proj/ros0/install/my_interfaces/include/my_interfaces/my_interfaces/msg/detail
[1.145s] -- Installing: /home/yang/Desktop/proj/ros0/install/my_interfaces/include/my_interfaces/my_interfaces/msg/detail/sensor__type_support.c
[1.145s] -- Installing: /home/yang/Desktop/proj/ros0/install/my_interfaces/include/my_interfaces/my_interfaces/msg/detail/sensor__rosidl_typesupport_introspection_c.h
[1.145s] -- Installing: /home/yang/Desktop/proj/ros0/install/my_interfaces/include/my_interfaces/my_interfaces/msg/rosidl_typesupport_introspection_c__visibility_control.h
[1.145s] -- Installing: /home/yang/Desktop/proj/ros0/install/my_interfaces/lib/libmy_interfaces__rosidl_typesupport_introspection_c.so
[1.145s] -- Set runtime path of "/home/yang/Desktop/proj/ros0/install/my_interfaces/lib/libmy_interfaces__rosidl_typesupport_introspection_c.so" to ""
[1.145s] -- Installing: /home/yang/Desktop/proj/ros0/install/my_interfaces/lib/libmy_interfaces__rosidl_typesupport_c.so
[1.145s] -- Set runtime path of "/home/yang/Desktop/proj/ros0/install/my_interfaces/lib/libmy_interfaces__rosidl_typesupport_c.so" to ""
[1.145s] -- Up-to-date: /home/yang/Desktop/proj/ros0/install/my_interfaces/include/my_interfaces/my_interfaces
[1.145s] -- Up-to-date: /home/yang/Desktop/proj/ros0/install/my_interfaces/include/my_interfaces/my_interfaces/msg
[1.145s] -- Installing: /home/yang/Desktop/proj/ros0/install/my_interfaces/include/my_interfaces/my_interfaces/msg/sensor.hpp
[1.145s] -- Up-to-date: /home/yang/Desktop/proj/ros0/install/my_interfaces/include/my_interfaces/my_interfaces/msg/detail
[1.145s] -- Installing: /home/yang/Desktop/proj/ros0/install/my_interfaces/include/my_interfaces/my_interfaces/msg/detail/sensor__builder.hpp
[1.145s] -- Installing: /home/yang/Desktop/proj/ros0/install/my_interfaces/include/my_interfaces/my_interfaces/msg/detail/sensor__struct.hpp
[1.145s] -- Installing: /home/yang/Desktop/proj/ros0/install/my_interfaces/include/my_interfaces/my_interfaces/msg/detail/sensor__type_support.hpp
[1.145s] -- Installing: /home/yang/Desktop/proj/ros0/install/my_interfaces/include/my_interfaces/my_interfaces/msg/detail/sensor__traits.hpp
[1.145s] -- Installing: /home/yang/Desktop/proj/ros0/install/my_interfaces/include/my_interfaces/my_interfaces/msg/rosidl_generator_cpp__visibility_control.hpp
[1.145s] -- Up-to-date: /home/yang/Desktop/proj/ros0/install/my_interfaces/include/my_interfaces/my_interfaces
[1.145s] -- Up-to-date: /home/yang/Desktop/proj/ros0/install/my_interfaces/include/my_interfaces/my_interfaces/msg
[1.145s] -- Up-to-date: /home/yang/Desktop/proj/ros0/install/my_interfaces/include/my_interfaces/my_interfaces/msg/detail
[1.145s] -- Installing: /home/yang/Desktop/proj/ros0/install/my_interfaces/include/my_interfaces/my_interfaces/msg/detail/dds_fastrtps
[1.145s] -- Installing: /home/yang/Desktop/proj/ros0/install/my_interfaces/include/my_interfaces/my_interfaces/msg/detail/sensor__rosidl_typesupport_fastrtps_cpp.hpp
[1.145s] -- Installing: /home/yang/Desktop/proj/ros0/install/my_interfaces/include/my_interfaces/my_interfaces/msg/rosidl_typesupport_fastrtps_cpp__visibility_control.h
[1.146s] -- Installing: /home/yang/Desktop/proj/ros0/install/my_interfaces/lib/libmy_interfaces__rosidl_typesupport_fastrtps_cpp.so
[1.146s] -- Set runtime path of "/home/yang/Desktop/proj/ros0/install/my_interfaces/lib/libmy_interfaces__rosidl_typesupport_fastrtps_cpp.so" to ""
[1.146s] -- Up-to-date: /home/yang/Desktop/proj/ros0/install/my_interfaces/include/my_interfaces/my_interfaces
[1.146s] -- Up-to-date: /home/yang/Desktop/proj/ros0/install/my_interfaces/include/my_interfaces/my_interfaces/msg
[1.146s] -- Up-to-date: /home/yang/Desktop/proj/ros0/install/my_interfaces/include/my_interfaces/my_interfaces/msg/detail
[1.146s] -- Installing: /home/yang/Desktop/proj/ros0/install/my_interfaces/include/my_interfaces/my_interfaces/msg/detail/sensor__rosidl_typesupport_introspection_cpp.hpp
[1.146s] -- Installing: /home/yang/Desktop/proj/ros0/install/my_interfaces/include/my_interfaces/my_interfaces/msg/detail/sensor__type_support.cpp
[1.146s] -- Installing: /home/yang/Desktop/proj/ros0/install/my_interfaces/lib/libmy_interfaces__rosidl_typesupport_introspection_cpp.so
[1.146s] -- Set runtime path of "/home/yang/Desktop/proj/ros0/install/my_interfaces/lib/libmy_interfaces__rosidl_typesupport_introspection_cpp.so" to ""
[1.146s] -- Installing: /home/yang/Desktop/proj/ros0/install/my_interfaces/lib/libmy_interfaces__rosidl_typesupport_cpp.so
[1.146s] -- Set runtime path of "/home/yang/Desktop/proj/ros0/install/my_interfaces/lib/libmy_interfaces__rosidl_typesupport_cpp.so" to ""
[1.146s] -- Installing: /home/yang/Desktop/proj/ros0/install/my_interfaces/share/my_interfaces/environment/pythonpath.sh
[1.146s] -- Installing: /home/yang/Desktop/proj/ros0/install/my_interfaces/share/my_interfaces/environment/pythonpath.dsv
[1.146s] -- Installing: /home/yang/Desktop/proj/ros0/install/my_interfaces/local/lib/python3.10/dist-packages/my_interfaces-0.0.0-py3.10.egg-info
[1.146s] -- Installing: /home/yang/Desktop/proj/ros0/install/my_interfaces/local/lib/python3.10/dist-packages/my_interfaces-0.0.0-py3.10.egg-info/dependency_links.txt
[1.146s] -- Installing: /home/yang/Desktop/proj/ros0/install/my_interfaces/local/lib/python3.10/dist-packages/my_interfaces-0.0.0-py3.10.egg-info/SOURCES.txt
[1.146s] -- Installing: /home/yang/Desktop/proj/ros0/install/my_interfaces/local/lib/python3.10/dist-packages/my_interfaces-0.0.0-py3.10.egg-info/top_level.txt
[1.146s] -- Installing: /home/yang/Desktop/proj/ros0/install/my_interfaces/local/lib/python3.10/dist-packages/my_interfaces-0.0.0-py3.10.egg-info/PKG-INFO
[1.146s] -- Installing: /home/yang/Desktop/proj/ros0/install/my_interfaces/local/lib/python3.10/dist-packages/my_interfaces
[1.146s] -- Installing: /home/yang/Desktop/proj/ros0/install/my_interfaces/local/lib/python3.10/dist-packages/my_interfaces/my_interfaces_s__rosidl_typesupport_c.cpython-310-x86_64-linux-gnu.so
[1.146s] -- Installing: /home/yang/Desktop/proj/ros0/install/my_interfaces/local/lib/python3.10/dist-packages/my_interfaces/my_interfaces_s__rosidl_typesupport_introspection_c.cpython-310-x86_64-linux-gnu.so
[1.146s] -- Installing: /home/yang/Desktop/proj/ros0/install/my_interfaces/local/lib/python3.10/dist-packages/my_interfaces/_my_interfaces_s.ep.rosidl_typesupport_c.c
[1.146s] -- Installing: /home/yang/Desktop/proj/ros0/install/my_interfaces/local/lib/python3.10/dist-packages/my_interfaces/_my_interfaces_s.ep.rosidl_typesupport_introspection_c.c
[1.146s] -- Installing: /home/yang/Desktop/proj/ros0/install/my_interfaces/local/lib/python3.10/dist-packages/my_interfaces/msg
[1.146s] -- Installing: /home/yang/Desktop/proj/ros0/install/my_interfaces/local/lib/python3.10/dist-packages/my_interfaces/msg/_sensor.py
[1.146s] -- Installing: /home/yang/Desktop/proj/ros0/install/my_interfaces/local/lib/python3.10/dist-packages/my_interfaces/msg/_sensor_s.c
[1.146s] -- Installing: /home/yang/Desktop/proj/ros0/install/my_interfaces/local/lib/python3.10/dist-packages/my_interfaces/msg/__init__.py
[1.146s] -- Installing: /home/yang/Desktop/proj/ros0/install/my_interfaces/local/lib/python3.10/dist-packages/my_interfaces/__init__.py
[1.146s] -- Installing: /home/yang/Desktop/proj/ros0/install/my_interfaces/local/lib/python3.10/dist-packages/my_interfaces/my_interfaces_s__rosidl_typesupport_fastrtps_c.cpython-310-x86_64-linux-gnu.so
[1.146s] -- Installing: /home/yang/Desktop/proj/ros0/install/my_interfaces/local/lib/python3.10/dist-packages/my_interfaces/_my_interfaces_s.ep.rosidl_typesupport_fastrtps_c.c
[1.146s] -- Installing: /home/yang/Desktop/proj/ros0/install/my_interfaces/local/lib/python3.10/dist-packages/my_interfaces/libmy_interfaces__rosidl_generator_py.so
[1.161s] Listing '/home/yang/Desktop/proj/ros0/install/my_interfaces/local/lib/python3.10/dist-packages/my_interfaces'...
[1.161s] Compiling '/home/yang/Desktop/proj/ros0/install/my_interfaces/local/lib/python3.10/dist-packages/my_interfaces/__init__.py'...
[1.161s] Listing '/home/yang/Desktop/proj/ros0/install/my_interfaces/local/lib/python3.10/dist-packages/my_interfaces/msg'...
[1.161s] Compiling '/home/yang/Desktop/proj/ros0/install/my_interfaces/local/lib/python3.10/dist-packages/my_interfaces/msg/__init__.py'...
[1.161s] Compiling '/home/yang/Desktop/proj/ros0/install/my_interfaces/local/lib/python3.10/dist-packages/my_interfaces/msg/_sensor.py'...
[1.164s] -- Installing: /home/yang/Desktop/proj/ros0/install/my_interfaces/local/lib/python3.10/dist-packages/my_interfaces/my_interfaces_s__rosidl_typesupport_fastrtps_c.cpython-310-x86_64-linux-gnu.so
[1.164s] -- Set runtime path of "/home/yang/Desktop/proj/ros0/install/my_interfaces/local/lib/python3.10/dist-packages/my_interfaces/my_interfaces_s__rosidl_typesupport_fastrtps_c.cpython-310-x86_64-linux-gnu.so" to ""
[1.164s] -- Installing: /home/yang/Desktop/proj/ros0/install/my_interfaces/local/lib/python3.10/dist-packages/my_interfaces/my_interfaces_s__rosidl_typesupport_introspection_c.cpython-310-x86_64-linux-gnu.so
[1.164s] -- Set runtime path of "/home/yang/Desktop/proj/ros0/install/my_interfaces/local/lib/python3.10/dist-packages/my_interfaces/my_interfaces_s__rosidl_typesupport_introspection_c.cpython-310-x86_64-linux-gnu.so" to ""
[1.164s] -- Installing: /home/yang/Desktop/proj/ros0/install/my_interfaces/local/lib/python3.10/dist-packages/my_interfaces/my_interfaces_s__rosidl_typesupport_c.cpython-310-x86_64-linux-gnu.so
[1.164s] -- Set runtime path of "/home/yang/Desktop/proj/ros0/install/my_interfaces/local/lib/python3.10/dist-packages/my_interfaces/my_interfaces_s__rosidl_typesupport_c.cpython-310-x86_64-linux-gnu.so" to ""
[1.164s] -- Installing: /home/yang/Desktop/proj/ros0/install/my_interfaces/lib/libmy_interfaces__rosidl_generator_py.so
[1.164s] -- Set runtime path of "/home/yang/Desktop/proj/ros0/install/my_interfaces/lib/libmy_interfaces__rosidl_generator_py.so" to ""
[1.164s] -- Installing: /home/yang/Desktop/proj/ros0/install/my_interfaces/share/my_interfaces/msg/Sensor.idl
[1.164s] -- Installing: /home/yang/Desktop/proj/ros0/install/my_interfaces/share/my_interfaces/msg/Sensor.msg
[1.164s] -- Installing: /home/yang/Desktop/proj/ros0/install/my_interfaces/share/ament_index/resource_index/package_run_dependencies/my_interfaces
[1.164s] -- Installing: /home/yang/Desktop/proj/ros0/install/my_interfaces/share/ament_index/resource_index/parent_prefix_path/my_interfaces
[1.164s] -- Installing: /home/yang/Desktop/proj/ros0/install/my_interfaces/share/my_interfaces/environment/ament_prefix_path.sh
[1.164s] -- Installing: /home/yang/Desktop/proj/ros0/install/my_interfaces/share/my_interfaces/environment/ament_prefix_path.dsv
[1.164s] -- Installing: /home/yang/Desktop/proj/ros0/install/my_interfaces/share/my_interfaces/environment/path.sh
[1.164s] -- Installing: /home/yang/Desktop/proj/ros0/install/my_interfaces/share/my_interfaces/environment/path.dsv
[1.164s] -- Installing: /home/yang/Desktop/proj/ros0/install/my_interfaces/share/my_interfaces/local_setup.bash
[1.164s] -- Installing: /home/yang/Desktop/proj/ros0/install/my_interfaces/share/my_interfaces/local_setup.sh
[1.165s] -- Installing: /home/yang/Desktop/proj/ros0/install/my_interfaces/share/my_interfaces/local_setup.zsh
[1.165s] -- Installing: /home/yang/Desktop/proj/ros0/install/my_interfaces/share/my_interfaces/local_setup.dsv
[1.165s] -- Installing: /home/yang/Desktop/proj/ros0/install/my_interfaces/share/my_interfaces/package.dsv
[1.165s] -- Installing: /home/yang/Desktop/proj/ros0/install/my_interfaces/share/ament_index/resource_index/packages/my_interfaces
[1.165s] -- Installing: /home/yang/Desktop/proj/ros0/install/my_interfaces/share/my_interfaces/cmake/export_my_interfaces__rosidl_generator_cExport.cmake
[1.165s] -- Installing: /home/yang/Desktop/proj/ros0/install/my_interfaces/share/my_interfaces/cmake/export_my_interfaces__rosidl_generator_cExport-noconfig.cmake
[1.165s] -- Installing: /home/yang/Desktop/proj/ros0/install/my_interfaces/share/my_interfaces/cmake/export_my_interfaces__rosidl_typesupport_fastrtps_cExport.cmake
[1.165s] -- Installing: /home/yang/Desktop/proj/ros0/install/my_interfaces/share/my_interfaces/cmake/export_my_interfaces__rosidl_typesupport_fastrtps_cExport-noconfig.cmake
[1.165s] -- Installing: /home/yang/Desktop/proj/ros0/install/my_interfaces/share/my_interfaces/cmake/my_interfaces__rosidl_typesupport_introspection_cExport.cmake
[1.165s] -- Installing: /home/yang/Desktop/proj/ros0/install/my_interfaces/share/my_interfaces/cmake/my_interfaces__rosidl_typesupport_introspection_cExport-noconfig.cmake
[1.165s] -- Installing: /home/yang/Desktop/proj/ros0/install/my_interfaces/share/my_interfaces/cmake/my_interfaces__rosidl_typesupport_cExport.cmake
[1.165s] -- Installing: /home/yang/Desktop/proj/ros0/install/my_interfaces/share/my_interfaces/cmake/my_interfaces__rosidl_typesupport_cExport-noconfig.cmake
[1.165s] -- Installing: /home/yang/Desktop/proj/ros0/install/my_interfaces/share/my_interfaces/cmake/export_my_interfaces__rosidl_generator_cppExport.cmake
[1.165s] -- Installing: /home/yang/Desktop/proj/ros0/install/my_interfaces/share/my_interfaces/cmake/export_my_interfaces__rosidl_typesupport_fastrtps_cppExport.cmake
[1.165s] -- Installing: /home/yang/Desktop/proj/ros0/install/my_interfaces/share/my_interfaces/cmake/export_my_interfaces__rosidl_typesupport_fastrtps_cppExport-noconfig.cmake
[1.165s] -- Installing: /home/yang/Desktop/proj/ros0/install/my_interfaces/share/my_interfaces/cmake/my_interfaces__rosidl_typesupport_introspection_cppExport.cmake
[1.165s] -- Installing: /home/yang/Desktop/proj/ros0/install/my_interfaces/share/my_interfaces/cmake/my_interfaces__rosidl_typesupport_introspection_cppExport-noconfig.cmake
[1.165s] -- Installing: /home/yang/Desktop/proj/ros0/install/my_interfaces/share/my_interfaces/cmake/my_interfaces__rosidl_typesupport_cppExport.cmake
[1.165s] -- Installing: /home/yang/Desktop/proj/ros0/install/my_interfaces/share/my_interfaces/cmake/my_interfaces__rosidl_typesupport_cppExport-noconfig.cmake
[1.165s] -- Installing: /home/yang/Desktop/proj/ros0/install/my_interfaces/share/my_interfaces/cmake/export_my_interfaces__rosidl_generator_pyExport.cmake
[1.165s] -- Installing: /home/yang/Desktop/proj/ros0/install/my_interfaces/share/my_interfaces/cmake/export_my_interfaces__rosidl_generator_pyExport-noconfig.cmake
[1.165s] -- Installing: /home/yang/Desktop/proj/ros0/install/my_interfaces/share/my_interfaces/cmake/rosidl_cmake-extras.cmake
[1.165s] -- Installing: /home/yang/Desktop/proj/ros0/install/my_interfaces/share/my_interfaces/cmake/ament_cmake_export_include_directories-extras.cmake
[1.165s] -- Installing: /home/yang/Desktop/proj/ros0/install/my_interfaces/share/my_interfaces/cmake/ament_cmake_export_libraries-extras.cmake
[1.165s] -- Installing: /home/yang/Desktop/proj/ros0/install/my_interfaces/share/my_interfaces/cmake/ament_cmake_export_targets-extras.cmake
[1.165s] -- Installing: /home/yang/Desktop/proj/ros0/install/my_interfaces/share/my_interfaces/cmake/rosidl_cmake_export_typesupport_targets-extras.cmake
[1.165s] -- Installing: /home/yang/Desktop/proj/ros0/install/my_interfaces/share/my_interfaces/cmake/ament_cmake_export_dependencies-extras.cmake
[1.165s] -- Installing: /home/yang/Desktop/proj/ros0/install/my_interfaces/share/my_interfaces/cmake/rosidl_cmake_export_typesupport_libraries-extras.cmake
[1.165s] -- Installing: /home/yang/Desktop/proj/ros0/install/my_interfaces/share/my_interfaces/cmake/my_interfacesConfig.cmake
[1.165s] -- Installing: /home/yang/Desktop/proj/ros0/install/my_interfaces/share/my_interfaces/cmake/my_interfacesConfig-version.cmake
[1.165s] -- Installing: /home/yang/Desktop/proj/ros0/install/my_interfaces/share/my_interfaces/package.xml
[1.169s] Invoked command in '/home/yang/Desktop/proj/ros0/build/my_interfaces' returned '0': CMAKE_PREFIX_PATH=${CMAKE_PREFIX_PATH}:/opt/ros/humble /usr/bin/cmake --install /home/yang/Desktop/proj/ros0/build/my_interfaces
