[0.003s] Invoking command in '/home/yang/Desktop/proj/ros0/build/my_first_pkg': CMAKE_PREFIX_PATH=/opt/ros/humble /usr/bin/cmake /home/yang/Desktop/proj/ros0/my_first_pkg -DCMAKE_EXPORT_COMPILE_COMMANDS=ON -DCMAKE_INSTALL_PREFIX=/home/yang/Desktop/proj/ros0/install/my_first_pkg
[0.025s] -- The C compiler identification is GNU 11.4.0
[0.046s] -- The CXX compiler identification is GNU 11.4.0
[0.049s] -- Detecting C compiler ABI info
[0.074s] -- Detecting C compiler ABI info - done
[0.077s] -- Check for working C compiler: /usr/bin/cc - skipped
[0.077s] -- Detecting C compile features
[0.078s] -- Detecting C compile features - done
[0.079s] -- Detecting CXX compiler ABI info
[0.107s] -- Detecting CXX compiler ABI info - done
[0.110s] -- Check for working CXX compiler: /usr/bin/c++ - skipped
[0.111s] -- Detecting CXX compile features
[0.111s] -- Detecting CXX compile features - done
[0.111s] -- Found ament_cmake: 1.3.13 (/opt/ros/humble/share/ament_cmake/cmake)
[0.170s] -- Found Python3: /usr/bin/python3 (found version "3.10.12") found components: Interpreter 
[0.201s] -- Found rclcpp: 16.0.18 (/opt/ros/humble/share/rclcpp/cmake)
[0.215s] -- Found rosidl_generator_c: 3.1.8 (/opt/ros/humble/share/rosidl_generator_c/cmake)
[0.216s] -- Found rosidl_adapter: 3.1.8 (/opt/ros/humble/share/rosidl_adapter/cmake)
[0.219s] -- Found rosidl_generator_cpp: 3.1.8 (/opt/ros/humble/share/rosidl_generator_cpp/cmake)
[0.223s] -- Using all available rosidl_typesupport_c: rosidl_typesupport_fastrtps_c;rosidl_typesupport_introspection_c
[0.228s] -- Using all available rosidl_typesupport_cpp: rosidl_typesupport_fastrtps_cpp;rosidl_typesupport_introspection_cpp
[0.242s] -- Found rmw_implementation_cmake: 6.1.2 (/opt/ros/humble/share/rmw_implementation_cmake/cmake)
[0.243s] -- Found rmw_fastrtps_cpp: 6.2.10 (/opt/ros/humble/share/rmw_fastrtps_cpp/cmake)
[0.271s] -- Found OpenSSL: /usr/lib/x86_64-linux-gnu/libcrypto.so (found version "3.0.2")  
[0.280s] -- Found FastRTPS: /opt/ros/humble/include  
[0.295s] -- Using RMW implementation 'rmw_fastrtps_cpp' as default
[0.297s] -- Looking for pthread.h
[0.325s] -- Looking for pthread.h - found
[0.325s] -- Performing Test CMAKE_HAVE_LIBC_PTHREAD
[0.352s] -- Performing Test CMAKE_HAVE_LIBC_PTHREAD - Success
[0.352s] -- Found Threads: TRUE  
[0.370s] -- Found ament_lint_auto: 0.12.15 (/opt/ros/humble/share/ament_lint_auto/cmake)
[0.399s] -- Added test 'lint_cmake' to check CMake code style
[0.400s] -- Added test 'xmllint' to check XML markup files
[0.400s] -- Configuring done
[0.402s] -- Generating done
[0.402s] [33mCMake Warning:
[0.402s]   Manually-specified variables were not used by the project:
[0.402s] 
[0.402s]     CMAKE_EXPORT_COMPILE_COMMANDS
[0.402s] 
[0.402s] [0m
[0.402s] -- Build files have been written to: /home/yang/Desktop/proj/ros0/build/my_first_pkg
[0.407s] Invoked command in '/home/yang/Desktop/proj/ros0/build/my_first_pkg' returned '0': CMAKE_PREFIX_PATH=/opt/ros/humble /usr/bin/cmake /home/yang/Desktop/proj/ros0/my_first_pkg -DCMAKE_EXPORT_COMPILE_COMMANDS=ON -DCMAKE_INSTALL_PREFIX=/home/yang/Desktop/proj/ros0/install/my_first_pkg
[0.408s] Invoking command in '/home/yang/Desktop/proj/ros0/build/my_first_pkg': CMAKE_PREFIX_PATH=/opt/ros/humble /usr/bin/cmake --build /home/yang/Desktop/proj/ros0/build/my_first_pkg -- -j12 -l12
[0.422s] Invoked command in '/home/yang/Desktop/proj/ros0/build/my_first_pkg' returned '0': CMAKE_PREFIX_PATH=/opt/ros/humble /usr/bin/cmake --build /home/yang/Desktop/proj/ros0/build/my_first_pkg -- -j12 -l12
[0.425s] Invoking command in '/home/yang/Desktop/proj/ros0/build/my_first_pkg': CMAKE_PREFIX_PATH=/opt/ros/humble /usr/bin/cmake --install /home/yang/Desktop/proj/ros0/build/my_first_pkg
[0.427s] -- Install configuration: ""
[0.428s] -- Installing: /home/yang/Desktop/proj/ros0/install/my_first_pkg/share/ament_index/resource_index/package_run_dependencies/my_first_pkg
[0.428s] -- Installing: /home/yang/Desktop/proj/ros0/install/my_first_pkg/share/ament_index/resource_index/parent_prefix_path/my_first_pkg
[0.428s] -- Installing: /home/yang/Desktop/proj/ros0/install/my_first_pkg/share/my_first_pkg/environment/ament_prefix_path.sh
[0.428s] -- Installing: /home/yang/Desktop/proj/ros0/install/my_first_pkg/share/my_first_pkg/environment/ament_prefix_path.dsv
[0.428s] -- Installing: /home/yang/Desktop/proj/ros0/install/my_first_pkg/share/my_first_pkg/environment/path.sh
[0.428s] -- Installing: /home/yang/Desktop/proj/ros0/install/my_first_pkg/share/my_first_pkg/environment/path.dsv
[0.428s] -- Installing: /home/yang/Desktop/proj/ros0/install/my_first_pkg/share/my_first_pkg/local_setup.bash
[0.428s] -- Installing: /home/yang/Desktop/proj/ros0/install/my_first_pkg/share/my_first_pkg/local_setup.sh
[0.428s] -- Installing: /home/yang/Desktop/proj/ros0/install/my_first_pkg/share/my_first_pkg/local_setup.zsh
[0.428s] -- Installing: /home/yang/Desktop/proj/ros0/install/my_first_pkg/share/my_first_pkg/local_setup.dsv
[0.428s] -- Installing: /home/yang/Desktop/proj/ros0/install/my_first_pkg/share/my_first_pkg/package.dsv
[0.428s] -- Installing: /home/yang/Desktop/proj/ros0/install/my_first_pkg/share/ament_index/resource_index/packages/my_first_pkg
[0.428s] -- Installing: /home/yang/Desktop/proj/ros0/install/my_first_pkg/share/my_first_pkg/cmake/my_first_pkgConfig.cmake
[0.428s] -- Installing: /home/yang/Desktop/proj/ros0/install/my_first_pkg/share/my_first_pkg/cmake/my_first_pkgConfig-version.cmake
[0.428s] -- Installing: /home/yang/Desktop/proj/ros0/install/my_first_pkg/share/my_first_pkg/package.xml
[0.429s] Invoked command in '/home/yang/Desktop/proj/ros0/build/my_first_pkg' returned '0': CMAKE_PREFIX_PATH=/opt/ros/humble /usr/bin/cmake --install /home/yang/Desktop/proj/ros0/build/my_first_pkg
